{
  "start_time": "2025-05-26T12:07:58.407245",
  "end_time": "2025-05-26T12:08:27.603762",
  "total_duration": 29.196517,
  "test_results": {
    "test_a2a_task_handler.py": {
      "success": false,
      "output": "2025-05-26 12:08:04,409 - A2ATaskHandler - INFO - A2ATaskHandler initialized for agent test-agent-001\n2025-05-26 12:08:04,411 - A2ATaskHandler - INFO - Task test-msg-001 from test-agent-002 completed successfully. Intent: query, Content type: text\n.2025-05-26 12:08:04,412 - A2ATaskHandler - INFO - A2ATaskHandler initialized for agent test-agent-001\n2025-05-26 12:08:04,413 - A2ATaskHandler - INFO - Task test-msg-001 from test-agent-002 completed successfully. Intent: query, Content type: text\n2025-05-26 12:08:04,413 - A2ATaskHandler - INFO - Task test-msg-003 from test-agent-002 completed successfully. Intent: request, Content type: text\n.2025-05-26 12:08:04,414 - A2ATaskHandler - INFO - A2ATaskHandler initialized for agent test-agent-001\nF2025-05-26 12:08:04,415 - A2ATaskHandler - INFO - A2ATaskHandler initialized for agent test-agent-001\n2025-05-26 12:08:04,417 - A2ATaskHandler - ERROR - Error processing task test-msg-error from test-agent-002: Test error\n.2025-05-26 12:08:04,417 - A2ATaskHandler - INFO - A2ATaskHandler initialized for agent test-agent-001\n.2025-05-26 12:08:04,418 - A2ATaskHandler - INFO - A2ATaskHandler initialized for agent test-agent-001\n2025-05-26 12:08:04,418 - A2ATaskHandler - INFO - Task test-msg-001 from test-agent-002 completed successfully. Intent: query, Content type: text\n.2025-05-26 12:08:04,419 - A2ATaskHandler - INFO - A2ATaskHandler initialized for agent test-agent-001\n.2025-05-26 12:08:04,420 - A2ATaskHandler - INFO - A2ATaskHandler initialized for agent test-agent-001\n2025-05-26 12:08:04,421 - A2ATaskHandler - INFO - Task test-msg-001 from test-agent-002 completed successfully. Intent: query, Content type: text\n.\n======================================================================\nFAIL: test_determine_intent (__main__.TestA2ATaskHandler.test_determine_intent)\nTest intent determination from content.\n----------------------------------------------------------------------\nTraceback (most recent call last):\n  File \"C:\\Users\\every\\Desktop\\Alex Familiar\\src\\test_a2a_task_handler.py\", line 132, in test_determine_intent\n    self.assertEqual(\nAssertionError: 'request' != 'instruct'\n- request\n+ instruct\n\n\n----------------------------------------------------------------------\nRan 8 tests in 0.015s\n\nFAILED (failures=1)\n",
      "duration": 0.1517641544342041
    },
    "test_ai_framework_detector.py": {
      "success": true,
      "output": "AI Framework Detector Test Results\n================================================================================\n\nTest: LangChain with OpenAI\n----------------------------------------\nInput: \nfrom langchain.llms import OpenAI\nfrom langchain.chains import LLMChain\nfrom langchain.prompts i...\n\nResult:\n  Framework: langchain\n  Confidence: 1.00\n  Adapter: langchain_adapter\n[PASS] PASS\n\nTest: OpenAI Direct Usage\n----------------------------------------\nInput: \nimport openai\n\nclient = openai.OpenAI(api_key=\"sk-...\")\nresponse = client.chat.completions.creat...\n\nResult:\n  Framework: openai\n  Confidence: 0.40\n  Adapter: openai_llm_adapter\n[FAIL] FAIL: Expected 'openai' with confidence >= 0.8\n\nTest: Anthropic Claude\n----------------------------------------\nInput: \nimport anthropic\n\nclient = anthropic.Anthropic(api_key=\"sk-ant-...\")\nmessage = client.messages.c...\n\nResult:\n  Framework: anthropic\n  Confidence: 1.00\n  Adapter: anthropic_llm_adapter\n[PASS] PASS\n\nTest: AutoGPT\n----------------------------------------\nInput: \nfrom autogpt.agents import Agent\nfrom autogpt.config import Config\nfrom autogpt.workspace import...\n\nResult:\n  Framework: autogpt\n  Confidence: 1.00\n  Adapter: autogpt_adapter\n[PASS] PASS\n\nTest: CrewAI\n----------------------------------------\nInput: \nfrom crewai import Agent, Task, Crew\n\nresearcher = Agent(\n    role='Senior Research Analyst',\n  ...\n\nResult:\n  Framework: crewai\n  Confidence: 0.93\n  Adapter: crewai_adapter\n[PASS] PASS\n\nTest: OpenAI API URL\n----------------------------------------\nInput: https://api.openai.com/v1/chat/completions\n\nResult:\n  Framework: openai\n  Confidence: 1.00\n  Adapter: openai_llm_adapter\n[PASS] PASS\n\nTest: Anthropic API URL\n----------------------------------------\nInput: https://api.anthropic.com/v1/messages\n\nResult:\n  Framework: anthropic\n  Confidence: 1.00\n  Adapter: anthropic_llm_adapter\n[PASS] PASS\n\nTest: Google Gemini\n----------------------------------------\nInput: \nimport google.generativeai as genai\n\ngenai.configure(api_key=\"YOUR_API_KEY\")\nmodel = genai.Gener...\n\nResult:\n  Framework: google\n  Confidence: 1.00\n  Adapter: google_llm_adapter\n[PASS] PASS\n\nTest: Mistral AI\n----------------------------------------\nInput: \nfrom mistral import MistralClient\n\nclient = MistralClient(api_key=\"...\")\nresponse = client.chat(...\n\nResult:\n  Framework: mistral\n  Confidence: 1.00\n  Adapter: mistral_llm_adapter\n[PASS] PASS\n\nTest: Multiple Frameworks\n----------------------------------------\nInput: \nfrom langchain.llms import OpenAI\nfrom langchain.agents import initialize_agent\nimport anthropic...\n\nResult:\n  Framework: anthropic\n  Confidence: 1.00\n  Adapter: anthropic_llm_adapter\n\nMultiple Frameworks Detected:\n  - langchain: 1.00\n  - anthropic: 1.00\n  - openai: 0.73\n[FAIL] FAIL: Expected primary 'langchain', got 'anthropic'\n\nTest: Unknown Framework\n----------------------------------------\nInput: \nimport some_random_module\n\ndef my_function():\n    return \"Hello World\"\n            \n\nResult:\n  Framework: unknown\n  Confidence: 0.00\n  Adapter: generic_adapter\n[PASS] PASS\n\nTest: A2A Protocol (Project Specific)\n----------------------------------------\nInput: \nfrom universal_agent_connector import AgentProtocolAdapter\nfrom a2a_protocol import AgentCard, A...\n\nResult:\n  Framework: a2a_protocol\n  Confidence: 1.00\n  Adapter: a2a_adapter\n[PASS] PASS\n\n================================================================================\nTest Summary: 10 passed, 2 failed out of 12 tests\nSuccess Rate: 83.3%\n\n\nEdge Case Tests\n================================================================================\n\nTest: Empty input\n  Framework: unknown\n  Confidence: 0.00\n  [PASS] Handled gracefully\n\nTest: None input\n  Framework: unknown\n  Confidence: 0.00\n  [PASS] Handled gracefully\n\nTest: Whitespace only\n  Framework: unknown\n  Confidence: 0.00\n  [PASS] Handled gracefully\n\nTest: Non-code text\n  Framework: unknown\n  Confidence: 0.00\n  [PASS] Handled gracefully\n\nTest: Malformed URL\n  Framework: unknown\n  Confidence: 0.00\n  [PASS] Handled gracefully\n\nTest: Mixed URL formats\n  Framework: openai\n  Confidence: 0.60\n  [PASS] Handled gracefully\n\n\nURL Detection Tests\n================================================================================\n\nURL: https://api.openai.com/v1/chat/completions\n  Detected: openai (confidence: 1.00)\n\nURL: https://api.anthropic.com/v1/messages\n  Detected: anthropic (confidence: 1.00)\n\nURL: https://api.mistral.ai/v1/chat/completions\n  Detected: mistral (confidence: 1.00)\n\nURL: https://generativelanguage.googleapis.com/v1/models\n  Detected: google (confidence: 0.40)\n\nURL: https://api.cohere.ai/generate\n  Detected: cohere (confidence: 1.00)\n\nURL: https://api.huggingface.co/models\n  Detected: huggingface (confidence: 1.00)\n\nURL: https://api.langchain.com/v1/chains\n  Detected: langchain (confidence: 1.00)\n\nURL: www.autogpt.com/api/v1/agents\n  Detected: autogpt (confidence: 0.60)\n\nURL: http://localhost:8000/custom/endpoint\n  Detected: unknown (confidence: 0.00)\n\n\nDemo: How to Use the AI Framework Detector\n================================================================================\n\nExample 1: Simple detection with convenience function\nCode: import openai\nclient = openai.OpenAI()\nresponse = client.chat.completions.create(model=\"gpt-4\", messages=[])\nResult: {\n  \"framework\": \"openai\",\n  \"confidence\": 0.4,\n  \"suggested_adapter\": \"openai_llm_adapter\",\n  \"details\": {\n    \"url\": \"\\nimport openai\\nclient = openai.OpenAI()\\nresponse = client.chat.completions.create(model=\\\"gpt-4\\\", messages=[])\\n    \",\n    \"matched_patterns\": [\n      \"keyword:gpt-[34]\",\n      \"keyword:openai\"\n    ],\n    \"all_matches\": [\n      {\n        \"framework\": \"openai\",\n        \"score\": 40,\n        \"patterns\": [\n          \"keyword:gpt-[34]\",\n          \"keyword:openai\"\n        ]\n      }\n    ]\n  }\n}\n\n\nExample 2: Detailed detection with multiple frameworks\nPrimary detection: langchain (1.00)\n\nAll detected frameworks:\n  - langchain: 1.00 -> langchain_adapter\n  - cohere: 1.00 -> cohere_adapter\n  - openai: 0.73 -> openai_llm_adapter\n  - anthropic: 0.73 -> anthropic_llm_adapter\n\n================================================================================\nAll tests completed!\n[WARNING] 2 tests failed. Please review the results above.\n",
      "duration": 0.0695643424987793
    },
    "test_anthropic_mistral.py": {
      "success": true,
      "output": "",
      "duration": 0.26314210891723633
    },
    "test_api_gateway_system.py": {
      "success": true,
      "output": "",
      "duration": 0.1371307373046875
    },
    "test_api_gateway_system_calendar.py": {
      "success": false,
      "output": "Traceback (most recent call last):\n  File \"C:\\Users\\every\\Desktop\\Alex Familiar\\src\\test_api_gateway_system_calendar.py\", line 16, in <module>\n    from api_gateway_system_calendar import (\n  File \"C:\\Users\\every\\Desktop\\Alex Familiar\\src\\api_gateway_system_calendar.py\", line 41, in <module>\n    from empire_framework.a2a.component_task_handler import Task, ComponentTaskTypes, TaskStatus\n  File \"C:\\Users\\every\\Desktop\\Alex Familiar\\src\\empire_framework\\a2a\\component_task_handler.py\", line 28, in <module>\n    from empire_framework.validation.schema_validator import SchemaValidator\nImportError: cannot import name 'SchemaValidator' from 'empire_framework.validation.schema_validator' (C:\\Users\\every\\Desktop\\Alex Familiar\\src\\empire_framework\\validation\\schema_validator.py)\n",
      "duration": 0.23538827896118164
    },
    "test_emoji_emotional_analyzer.py": {
      "success": true,
      "output": "",
      "duration": 0.08578205108642578
    },
    "test_emoji_emotional_analyzer_enhanced.py": {
      "success": false,
      "output": "F.......F........FF.F.F..FF.......\n======================================================================\nFAIL: test_conflicting_emotions (__main__.TestEdgeCases.test_conflicting_emotions)\nTest handling input with strongly conflicting emotions.\n----------------------------------------------------------------------\nTraceback (most recent call last):\n  File \"C:\\Users\\every\\Desktop\\Alex Familiar\\src\\test_emoji_emotional_analyzer_enhanced.py\", line 619, in test_conflicting_emotions\n    self.assertIsNotNone(emotion.secondary_emotion)\nAssertionError: unexpectedly None\n\n======================================================================\nFAIL: test_map_to_emotional_states (__main__.TestEmojiEmotionalAnalyzer.test_map_to_emotional_states)\nTest the map_to_emotional_states method.\n----------------------------------------------------------------------\nTraceback (most recent call last):\n  File \"C:\\Users\\every\\Desktop\\Alex Familiar\\src\\test_emoji_emotional_analyzer_enhanced.py\", line 531, in test_map_to_emotional_states\n    self.assertIn(EmotionCategory.JOY, emotion_map)\nAssertionError: <EmotionCategory.JOY: 1> not found in {<EmotionCategory.NEUTRAL: 9>: 1.0}\n\n======================================================================\nFAIL: test_calculate_intensity (__main__.TestEmotionDetectionEngine.test_calculate_intensity)\nTest calculation of emotional intensity from emojis.\n----------------------------------------------------------------------\nTraceback (most recent call last):\n  File \"C:\\Users\\every\\Desktop\\Alex Familiar\\src\\test_emoji_emotional_analyzer_enhanced.py\", line 117, in test_calculate_intensity\n    self.assertIn(intensity, [EmotionIntensity.HIGH, EmotionIntensity.VERY_HIGH])\nAssertionError: <EmotionIntensity.MEDIUM: 3> not found in [<EmotionIntensity.HIGH: 4>, <EmotionIntensity.VERY_HIGH: 5>]\n\n======================================================================\nFAIL: test_detect_complex_emotion_patterns (__main__.TestEmotionDetectionEngine.test_detect_complex_emotion_patterns)\nTest detection of complex emotion patterns.\n----------------------------------------------------------------------\nTraceback (most recent call last):\n  File \"C:\\Users\\every\\Desktop\\Alex Familiar\\src\\test_emoji_emotional_analyzer_enhanced.py\", line 105, in test_detect_complex_emotion_patterns\n    self.assertEqual(state.primary_emotion, emotion)\nAssertionError: <EmotionCategory.NEUTRAL: 9> != <EmotionCategory.SADNESS: 2>\n\n======================================================================\nFAIL: test_detect_emotion_with_modifiers (__main__.TestEmotionDetectionEngine.test_detect_emotion_with_modifiers)\nTest emotion detection with intensity modifiers.\n----------------------------------------------------------------------\nTraceback (most recent call last):\n  File \"C:\\Users\\every\\Desktop\\Alex Familiar\\src\\test_emoji_emotional_analyzer_enhanced.py\", line 91, in test_detect_emotion_with_modifiers\n    self.assertEqual(base_state.primary_emotion, intensified_state.primary_emotion)\nAssertionError: <EmotionCategory.JOY: 1> != <EmotionCategory.NEUTRAL: 9>\n\n======================================================================\nFAIL: test_extract_emojis (__main__.TestEmotionDetectionEngine.test_extract_emojis)\nTest extracting emojis from mixed text.\n----------------------------------------------------------------------\nTraceback (most recent call last):\n  File \"C:\\Users\\every\\Desktop\\Alex Familiar\\src\\test_emoji_emotional_analyzer_enhanced.py\", line 44, in test_extract_emojis\n    self.assertEqual(len(emojis), 3)\nAssertionError: 1 != 3\n\n======================================================================\nFAIL: test_map_to_emotional_states_complex (__main__.TestEmotionMappingSystem.test_map_to_emotional_states_complex)\nTest mapping complex emoji sequences to emotional states.\n----------------------------------------------------------------------\nTraceback (most recent call last):\n  File \"C:\\Users\\every\\Desktop\\Alex Familiar\\src\\test_emoji_emotional_analyzer_enhanced.py\", line 169, in test_map_to_emotional_states_complex\n    self.assertIn(EmotionCategory.JOY, emotion_map)\nAssertionError: <EmotionCategory.JOY: 1> not found in {<EmotionCategory.NEUTRAL: 9>: 1.0}\n\n======================================================================\nFAIL: test_map_to_emotional_states_simple (__main__.TestEmotionMappingSystem.test_map_to_emotional_states_simple)\nTest mapping a simple emoji to multiple emotional states.\n----------------------------------------------------------------------\nTraceback (most recent call last):\n  File \"C:\\Users\\every\\Desktop\\Alex Familiar\\src\\test_emoji_emotional_analyzer_enhanced.py\", line 159, in test_map_to_emotional_states_simple\n    self.assertGreater(emotion_map[EmotionCategory.JOY], 0.5)\nAssertionError: 0.4347826086956522 not greater than 0.5\n\n----------------------------------------------------------------------\nRan 34 tests in 0.004s\n\nFAILED (failures=8)\n",
      "duration": 0.12779927253723145
    },
    "test_emoji_sequence_optimizer.py": {
      "success": false,
      "output": "FF....FF.E.\n======================================================================\nERROR: test_sequence_analysis (__main__.TestEmojiSequenceOptimizer.test_sequence_analysis)\nTest analyzing emoji sequences without optimizing.\n----------------------------------------------------------------------\nTraceback (most recent call last):\n  File \"C:\\Users\\every\\Desktop\\Alex Familiar\\src\\test_emoji_sequence_optimizer.py\", line 209, in test_sequence_analysis\n    analysis = self.optimizer.analyze_sequence(self.technical_sequence)\n               ^^^^^^^^^^^^^^^^^^^^^^^^^^^^^^^^^^^^^^^^^^^^^^^^^^^^^^^^\n  File \"C:\\Users\\every\\Desktop\\Alex Familiar\\src\\emoji_sequence_optimizer.py\", line 369, in analyze_sequence\n    \"ambiguity\": self._calculate_ambiguity_score(emojis, context),\n                 ^^^^^^^^^^^^^^^^^^^^^^^^^^^^^^^\nAttributeError: 'EmojiSequenceOptimizer' object has no attribute '_calculate_ambiguity_score'. Did you mean: '_calculate_familiarity_score'?\n\n======================================================================\nFAIL: test_basic_optimization (__main__.TestEmojiSequenceOptimizer.test_basic_optimization)\nTest basic sequence optimization with default context.\n----------------------------------------------------------------------\nTraceback (most recent call last):\n  File \"C:\\Users\\every\\Desktop\\Alex Familiar\\src\\test_emoji_sequence_optimizer.py\", line 45, in test_basic_optimization\n    self.assertEqual(result.original_sequence, self.technical_sequence)\nAssertionError: '\\u2705' != '\\U0001f680\\U0001f4bb\\U0001f41b\\U0001f528\\u2705'\n- \\u2705\n+ \\U0001f680\\U0001f4bb\\U0001f41b\\U0001f528\\u2705\n\n\n======================================================================\nFAIL: test_batch_optimization (__main__.TestEmojiSequenceOptimizer.test_batch_optimization)\nTest optimizing multiple sequences in batch.\n----------------------------------------------------------------------\nTraceback (most recent call last):\n  File \"C:\\Users\\every\\Desktop\\Alex Familiar\\src\\test_emoji_sequence_optimizer.py\", line 300, in test_batch_optimization\n    self.assertEqual(results[0].original_sequence, self.technical_sequence)\nAssertionError: '\\u2705' != '\\U0001f680\\U0001f4bb\\U0001f41b\\U0001f528\\u2705'\n- \\u2705\n+ \\U0001f680\\U0001f4bb\\U0001f41b\\U0001f528\\u2705\n\n\n======================================================================\nFAIL: test_grouping_strategies (__main__.TestEmojiSequenceOptimizer.test_grouping_strategies)\nTest different grouping strategies.\n----------------------------------------------------------------------\nTraceback (most recent call last):\n  File \"C:\\Users\\every\\Desktop\\Alex Familiar\\src\\test_emoji_sequence_optimizer.py\", line 170, in test_grouping_strategies\n    self.assertIn(\" \", semantic_result.optimized_sequence)\nAssertionError: ' ' not found in '\\u2705'\n\n======================================================================\nFAIL: test_optimization_profiles (__main__.TestEmojiSequenceOptimizer.test_optimization_profiles)\nTest different optimization profiles.\n----------------------------------------------------------------------\nTraceback (most recent call last):\n  File \"C:\\Users\\every\\Desktop\\Alex Familiar\\src\\test_emoji_sequence_optimizer.py\", line 72, in test_optimization_profiles\n    self.assertGreater(\nAssertionError: 0.0 not greater than 0.0\n\n----------------------------------------------------------------------\nRan 11 tests in 0.005s\n\nFAILED (failures=4, errors=1)\n",
      "duration": 0.09686517715454102
    },
    "test_emoji_translation_engine.py": {
      "success": true,
      "output": "",
      "duration": 0.0880136489868164
    },
    "test_emotional_intelligence.py": {
      "success": false,
      "output": "2025-05-26 12:08:05,628 - PrincipleEngine - INFO - PrincipleEngine initialized with 10 core principles\n2025-05-26 12:08:05,628 - CommunicationStyleAnalyzer - INFO - CommunicationStyleAnalyzer initialized\n2025-05-26 12:08:05,628 - EmotionalIntelligence - INFO - EmotionalIntelligence module initialized\n.2025-05-26 12:08:05,636 - PrincipleEngine - INFO - PrincipleEngine initialized with 10 core principles\n2025-05-26 12:08:05,636 - CommunicationStyleAnalyzer - INFO - CommunicationStyleAnalyzer initialized\n2025-05-26 12:08:05,637 - EmotionalIntelligence - INFO - EmotionalIntelligence module initialized\n.2025-05-26 12:08:05,639 - PrincipleEngine - INFO - PrincipleEngine initialized with 10 core principles\n2025-05-26 12:08:05,639 - CommunicationStyleAnalyzer - INFO - CommunicationStyleAnalyzer initialized\n2025-05-26 12:08:05,639 - EmotionalIntelligence - INFO - EmotionalIntelligence module initialized\n.2025-05-26 12:08:05,641 - PrincipleEngine - INFO - PrincipleEngine initialized with 10 core principles\n2025-05-26 12:08:05,641 - CommunicationStyleAnalyzer - INFO - CommunicationStyleAnalyzer initialized\n2025-05-26 12:08:05,641 - EmotionalIntelligence - INFO - EmotionalIntelligence module initialized\n2025-05-26 12:08:05,641 - CommunicationStyleAnalyzer - INFO - Analyzing communication style for agent integration-test-agent with 3 messages\n2025-05-26 12:08:05,649 - CommunicationStyleAnalyzer - INFO - Completed style analysis for agent integration-test-agent: {'agent_id': 'integration-test-agent', 'formality': 'Neutral', 'detail_level': 'Concise', 'directness': 'Direct', 'emotional_tone': 'Neutral', 'response_speed': 'Standard', 'prefers_acknowledgments': False, 'prefers_structured_responses': False, 'prefers_examples': False, 'language_preferences': {}, 'vocabulary_level': 0.09463601532567052, 'consistency_score': 0.7680560515900033, 'confidence_level': 0.31936000000000003, 'sample_count': 3, 'last_updated': '2025-05-26T16:08:05.641750+00:00', 'style_notes': []}\nF2025-05-26 12:08:05,652 - PrincipleEngine - INFO - PrincipleEngine initialized with 10 core principles\n2025-05-26 12:08:05,652 - CommunicationStyleAnalyzer - INFO - CommunicationStyleAnalyzer initialized\n2025-05-26 12:08:05,652 - EmotionalIntelligence - INFO - EmotionalIntelligence module initialized\nF2025-05-26 12:08:05,652 - PrincipleEngine - INFO - PrincipleEngine initialized with 10 core principles\n2025-05-26 12:08:05,652 - CommunicationStyleAnalyzer - INFO - CommunicationStyleAnalyzer initialized\n2025-05-26 12:08:05,652 - EmotionalIntelligence - INFO - EmotionalIntelligence module initialized\n.2025-05-26 12:08:05,653 - PrincipleEngine - INFO - PrincipleEngine initialized with 10 core principles\n2025-05-26 12:08:05,653 - EmotionalIntelligence - INFO - EmotionalIntelligence module initialized\n2025-05-26 12:08:05,653 - EmotionalIntelligence - WARNING - Missing context variable in template: 'topic'\nF2025-05-26 12:08:05,653 - PrincipleEngine - INFO - PrincipleEngine initialized with 10 core principles\n2025-05-26 12:08:05,654 - EmotionalIntelligence - INFO - EmotionalIntelligence module initialized\nF2025-05-26 12:08:05,654 - PrincipleEngine - INFO - PrincipleEngine initialized with 10 core principles\n2025-05-26 12:08:05,654 - EmotionalIntelligence - INFO - EmotionalIntelligence module initialized\n2025-05-26 12:08:05,655 - EmotionalIntelligence - WARNING - Missing context variable in template: 'achievement'\nF2025-05-26 12:08:05,655 - PrincipleEngine - INFO - PrincipleEngine initialized with 10 core principles\n2025-05-26 12:08:05,655 - EmotionalIntelligence - INFO - EmotionalIntelligence module initialized\n.\n======================================================================\nFAIL: test_integration_with_communication_style (__main__.TestEmotionalIntelligence.test_integration_with_communication_style)\nTest integration between EmotionalIntelligence and CommunicationStyleAnalyzer.\n----------------------------------------------------------------------\nTraceback (most recent call last):\n  File \"C:\\Users\\every\\Desktop\\Alex Familiar\\src\\test_emotional_intelligence.py\", line 315, in test_integration_with_communication_style\n    self.assertIn(style.emotional_tone.name, [\"POSITIVE\", \"VERY_POSITIVE\"])\nAssertionError: 'NEUTRAL' not found in ['POSITIVE', 'VERY_POSITIVE']\n\n======================================================================\nFAIL: test_interaction_type_detection (__main__.TestEmotionalIntelligence.test_interaction_type_detection)\nTest that interaction types are correctly categorized.\n----------------------------------------------------------------------\nTraceback (most recent call last):\n  File \"C:\\Users\\every\\Desktop\\Alex Familiar\\src\\test_emotional_intelligence.py\", line 213, in test_interaction_type_detection\n    self.assertEqual(\nAssertionError: <InteractionType.CRISIS: 3> != <InteractionType.CELEBRATION: 4>\n\n======================================================================\nFAIL: test_response_to_anger_in_conflict (__main__.TestEmotionalResponseScenarios.test_response_to_anger_in_conflict)\nTest appropriate responses to angry messages in conflict situations.\n----------------------------------------------------------------------\nTraceback (most recent call last):\n  File \"C:\\Users\\every\\Desktop\\Alex Familiar\\src\\test_emotional_intelligence.py\", line 404, in test_response_to_anger_in_conflict\n    self.assertIn(\"emotional distance\", formatted_response)\nAssertionError: 'emotional distance' not found in 'I acknowledge your message and will respond appropriately.'\n\n======================================================================\nFAIL: test_response_to_fear_in_crisis (__main__.TestEmotionalResponseScenarios.test_response_to_fear_in_crisis)\nTest appropriate responses to fearful messages in crisis situations.\n----------------------------------------------------------------------\nTraceback (most recent call last):\n  File \"C:\\Users\\every\\Desktop\\Alex Familiar\\src\\test_emotional_intelligence.py\", line 433, in test_response_to_fear_in_crisis\n    self.assertIn(\"action\", formatted_response.lower())\nAssertionError: 'action' not found in \"i recognize the urgency of this situation regarding the security breach. while maintaining necessary emotional distance to ensure effective handling, i'm implementing immediate steps to address: 1) isolate affected systems, 2) assess data impact, 3) implement containment. drawing on our 'adaptability as strength' principle, we'll adjust our approach as the situation evolves.\"\n\n======================================================================\nFAIL: test_response_to_joy (__main__.TestEmotionalResponseScenarios.test_response_to_joy)\nTest appropriate responses to joyful messages.\n----------------------------------------------------------------------\nTraceback (most recent call last):\n  File \"C:\\Users\\every\\Desktop\\Alex Familiar\\src\\test_emotional_intelligence.py\", line 381, in test_response_to_joy\n    self.assertEqual(response.expression_style[\"emotional_tone\"], EmotionalTone.POSITIVE.name)\nAssertionError: 'VERY_POSITIVE' != 'POSITIVE'\n- VERY_POSITIVE\n? -----\n+ POSITIVE\n\n\n----------------------------------------------------------------------\nRan 10 tests in 0.028s\n\nFAILED (failures=5)\n",
      "duration": 0.11957550048828125
    },
    "test_endpoints.py": {
      "success": false,
      "output": "",
      "duration": 16.72578477859497
    },
    "test_enhanced_principle_evaluator.py": {
      "success": false,
      "output": "",
      "duration": 0.06336379051208496
    },
    "test_fairness_evaluation.py": {
      "success": true,
      "output": "",
      "duration": 0.09479618072509766
    },
    "test_framework.py": {
      "success": true,
      "output": "",
      "duration": 0.06824278831481934
    },
    "test_human_interaction_styler.py": {
      "success": false,
      "output": "2025-05-26 12:08:22,710 - EmotionalIntelligence - INFO - EmotionalIntelligence module initialized\n2025-05-26 12:08:22,710 - PrincipleEngine - INFO - PrincipleEngine initialized with 10 core principles\n2025-05-26 12:08:22,710 - HumanInteractionStyler - INFO - HumanInteractionStyler initialized\n2025-05-26 12:08:22,710 - HumanInteractionStyler - INFO - Created new profile for human: authenticity_test\n2025-05-26 12:08:22,710 - HumanInteractionStyler - INFO - Created new profile for human: new_user_test\n.2025-05-26 12:08:22,711 - EmotionalIntelligence - INFO - EmotionalIntelligence module initialized\n2025-05-26 12:08:22,711 - PrincipleEngine - INFO - PrincipleEngine initialized with 10 core principles\n2025-05-26 12:08:22,711 - HumanInteractionStyler - INFO - HumanInteractionStyler initialized\n2025-05-26 12:08:22,711 - HumanInteractionStyler - INFO - Created new profile for human: collectivist_test\n2025-05-26 12:08:22,711 - HumanInteractionStyler - INFO - Created new profile for human: individualist_test\nF2025-05-26 12:08:22,712 - EmotionalIntelligence - INFO - EmotionalIntelligence module initialized\n2025-05-26 12:08:22,712 - PrincipleEngine - INFO - PrincipleEngine initialized with 10 core principles\n2025-05-26 12:08:22,712 - HumanInteractionStyler - INFO - HumanInteractionStyler initialized\n2025-05-26 12:08:22,712 - HumanInteractionStyler - INFO - Created new profile for human: direct_user\n2025-05-26 12:08:22,720 - HumanInteractionStyler - INFO - Saved profile for human: direct_user\n2025-05-26 12:08:22,720 - HumanInteractionStyler - INFO - Created new profile for human: indirect_user\n2025-05-26 12:08:22,721 - HumanInteractionStyler - INFO - Saved profile for human: indirect_user\n.2025-05-26 12:08:22,722 - EmotionalIntelligence - INFO - EmotionalIntelligence module initialized\n2025-05-26 12:08:22,722 - PrincipleEngine - INFO - PrincipleEngine initialized with 10 core principles\n2025-05-26 12:08:22,722 - HumanInteractionStyler - INFO - HumanInteractionStyler initialized\n.2025-05-26 12:08:22,724 - EmotionalIntelligence - INFO - EmotionalIntelligence module initialized\n2025-05-26 12:08:22,724 - PrincipleEngine - INFO - PrincipleEngine initialized with 10 core principles\n2025-05-26 12:08:22,725 - HumanInteractionStyler - INFO - HumanInteractionStyler initialized\n2025-05-26 12:08:22,725 - HumanInteractionStyler - INFO - Created new profile for human: formal_user\n2025-05-26 12:08:22,726 - HumanInteractionStyler - INFO - Saved profile for human: formal_user\n2025-05-26 12:08:22,726 - HumanInteractionStyler - INFO - Created new profile for human: casual_user\n2025-05-26 12:08:22,727 - HumanInteractionStyler - INFO - Saved profile for human: casual_user\nF2025-05-26 12:08:22,728 - EmotionalIntelligence - INFO - EmotionalIntelligence module initialized\n2025-05-26 12:08:22,728 - PrincipleEngine - INFO - PrincipleEngine initialized with 10 core principles\n2025-05-26 12:08:22,728 - HumanInteractionStyler - INFO - HumanInteractionStyler initialized\n2025-05-26 12:08:22,728 - HumanInteractionStyler - INFO - Created new profile for human: test_user\n2025-05-26 12:08:22,728 - HumanInteractionStyler - INFO - Saved profile for human: test_user\n2025-05-26 12:08:22,729 - EmotionalIntelligence - INFO - EmotionalIntelligence module initialized\n2025-05-26 12:08:22,737 - HumanInteractionStyler - INFO - Loaded profile for human: test_user\n2025-05-26 12:08:22,737 - HumanInteractionStyler - INFO - HumanInteractionStyler initialized\n.2025-05-26 12:08:22,737 - EmotionalIntelligence - INFO - EmotionalIntelligence module initialized\n2025-05-26 12:08:22,738 - PrincipleEngine - INFO - PrincipleEngine initialized with 10 core principles\n2025-05-26 12:08:22,738 - HumanInteractionStyler - INFO - HumanInteractionStyler initialized\n2025-05-26 12:08:22,738 - HumanInteractionStyler - INFO - Created new profile for human: serialization_test\n.2025-05-26 12:08:22,739 - EmotionalIntelligence - INFO - EmotionalIntelligence module initialized\n2025-05-26 12:08:22,739 - PrincipleEngine - INFO - PrincipleEngine initialized with 10 core principles\n2025-05-26 12:08:22,739 - HumanInteractionStyler - INFO - HumanInteractionStyler initialized\n2025-05-26 12:08:22,739 - HumanInteractionStyler - INFO - Created new profile for human: test_profile_update\n2025-05-26 12:08:22,740 - HumanInteractionStyler - INFO - Saved profile for human: test_profile_update\nF2025-05-26 12:08:22,741 - EmotionalIntelligence - INFO - EmotionalIntelligence module initialized\n2025-05-26 12:08:22,741 - PrincipleEngine - INFO - PrincipleEngine initialized with 10 core principles\n2025-05-26 12:08:22,741 - HumanInteractionStyler - INFO - HumanInteractionStyler initialized\n2025-05-26 12:08:22,741 - HumanInteractionStyler - INFO - Created new profile for human: detailed_adaptation_test\n2025-05-26 12:08:22,741 - HumanInteractionStyler - INFO - Created new profile for human: concise_adaptation_test\nF2025-05-26 12:08:22,742 - EmotionalIntelligence - INFO - EmotionalIntelligence module initialized\n2025-05-26 12:08:22,742 - PrincipleEngine - INFO - PrincipleEngine initialized with 10 core principles\n2025-05-26 12:08:22,742 - HumanInteractionStyler - INFO - HumanInteractionStyler initialized\n2025-05-26 12:08:22,742 - HumanInteractionStyler - INFO - Created new profile for human: direct_adaptation_test\n2025-05-26 12:08:22,742 - HumanInteractionStyler - INFO - Created new profile for human: indirect_adaptation_test\nF2025-05-26 12:08:22,743 - EmotionalIntelligence - INFO - EmotionalIntelligence module initialized\n2025-05-26 12:08:22,743 - PrincipleEngine - INFO - PrincipleEngine initialized with 10 core principles\n2025-05-26 12:08:22,743 - HumanInteractionStyler - INFO - HumanInteractionStyler initialized\n2025-05-26 12:08:22,743 - HumanInteractionStyler - INFO - Created new profile for human: formal_adaptation_test\n2025-05-26 12:08:22,743 - HumanInteractionStyler - INFO - Created new profile for human: casual_adaptation_test\n.\n======================================================================\nFAIL: test_cultural_adaptation (__main__.TestHumanInteractionStyler.test_cultural_adaptation)\nTest adaptation based on cultural context.\n----------------------------------------------------------------------\nTraceback (most recent call last):\n  File \"C:\\Users\\every\\Desktop\\Alex Familiar\\src\\test_human_interaction_styler.py\", line 286, in test_cultural_adaptation\n    self.assertIn(\"We could\", collectivist_adapted)\nAssertionError: 'We could' not found in 'We might find you should implement the new system architecture to improve performance.'\n\n======================================================================\nFAIL: test_formality_detection (__main__.TestHumanInteractionStyler.test_formality_detection)\nTest detection of formality preferences from messages.\n----------------------------------------------------------------------\nTraceback (most recent call last):\n  File \"C:\\Users\\every\\Desktop\\Alex Familiar\\src\\test_human_interaction_styler.py\", line 108, in test_formality_detection\n    self.assertGreater(formal_profile.communication_style.formality.value,\nAssertionError: 3 not greater than 3\n\n======================================================================\nFAIL: test_profile_update_from_message (__main__.TestHumanInteractionStyler.test_profile_update_from_message)\nTest updating a profile based on a message.\n----------------------------------------------------------------------\nTraceback (most recent call last):\n  File \"C:\\Users\\every\\Desktop\\Alex Familiar\\src\\test_human_interaction_styler.py\", line 153, in test_profile_update_from_message\n    self.assertGreater(updated_profile.emotional_expressiveness, 0.5)\nAssertionError: 0.5 not greater than 0.5\n\n======================================================================\nFAIL: test_response_adaptation_detail_level (__main__.TestHumanInteractionStyler.test_response_adaptation_detail_level)\nTest adaptation of responses based on detail level.\n----------------------------------------------------------------------\nTraceback (most recent call last):\n  File \"C:\\Users\\every\\Desktop\\Alex Familiar\\src\\test_human_interaction_styler.py\", line 220, in test_response_adaptation_detail_level\n    self.assertGreater(len(adapted_detailed), len(adapted_concise))\nAssertionError: 802 not greater than 802\n\n======================================================================\nFAIL: test_response_adaptation_directness (__main__.TestHumanInteractionStyler.test_response_adaptation_directness)\nTest adaptation of responses based on directness.\n----------------------------------------------------------------------\nTraceback (most recent call last):\n  File \"C:\\Users\\every\\Desktop\\Alex Familiar\\src\\test_human_interaction_styler.py\", line 261, in test_response_adaptation_directness\n    self.assertIn(\"might consider\", indirect_response)\nAssertionError: 'might consider' not found in '\\n        The system performance has been analyzed.\\n        \\n        There are several factors affecting the response time:\\n        1. Database query optimization\\n        2. Network latency\\n        3. Cache utilization\\n        \\n        In conclusion, we need to focus on optimizing database queries first\\n        as they are the main bottleneck.\\n        '\n\n----------------------------------------------------------------------\nRan 11 tests in 0.035s\n\nFAILED (failures=5)\n",
      "duration": 0.13435649871826172
    },
    "test_llm_integration_mock.py": {
      "success": false,
      "output": "Traceback (most recent call last):\n  File \"C:\\Users\\every\\Desktop\\Alex Familiar\\src\\test_llm_integration_mock.py\", line 22, in <module>\n    from principle_engine_llm_enhanced import EnhancedPrincipleEngineLLM\n  File \"C:\\Users\\every\\Desktop\\Alex Familiar\\src\\principle_engine_llm_enhanced.py\", line 17, in <module>\n    from principle_engine_llm import LLMPrincipleEvaluator\n  File \"C:\\Users\\every\\Desktop\\Alex Familiar\\src\\principle_engine_llm.py\", line 21, in <module>\n    from agent_registry_llm_integration import LLMAgentRegistry\n  File \"C:\\Users\\every\\Desktop\\Alex Familiar\\src\\agent_registry_llm_integration.py\", line 16, in <module>\n    from openai_llm_adapter import OpenAIGPTAdapter\n  File \"C:\\Users\\every\\Desktop\\Alex Familiar\\src\\openai_llm_adapter.py\", line 21, in <module>\n    from llm_adapter_interface import (\nImportError: cannot import name 'ModelNotFoundError' from 'llm_adapter_interface' (C:\\Users\\every\\Desktop\\Alex Familiar\\src\\llm_adapter_interface.py)\n",
      "duration": 0.42218708992004395
    },
    "test_media_content_processor.py": {
      "success": false,
      "output": "2025-05-26 12:08:23,964 - MediaContentProcessor - WARNING - Some media processing features will be limited. Missing dependencies: reportlab\n2025-05-26 12:08:23,964 - MediaContentProcessor - INFO - MediaContentProcessor initialized for agent test_agent\n.2025-05-26 12:08:23,965 - MediaContentProcessor - WARNING - Some media processing features will be limited. Missing dependencies: reportlab\n2025-05-26 12:08:23,965 - MediaContentProcessor - INFO - MediaContentProcessor initialized for agent test_agent\nE2025-05-26 12:08:23,967 - MediaContentProcessor - WARNING - Some media processing features will be limited. Missing dependencies: reportlab\n2025-05-26 12:08:23,967 - MediaContentProcessor - INFO - MediaContentProcessor initialized for agent test_agent\nF2025-05-26 12:08:23,968 - MediaContentProcessor - WARNING - Some media processing features will be limited. Missing dependencies: reportlab\n2025-05-26 12:08:23,968 - MediaContentProcessor - INFO - MediaContentProcessor initialized for agent test_agent\nE2025-05-26 12:08:23,969 - MediaContentProcessor - WARNING - Some media processing features will be limited. Missing dependencies: reportlab\n2025-05-26 12:08:23,969 - MediaContentProcessor - INFO - MediaContentProcessor initialized for agent test_agent\n.2025-05-26 12:08:23,969 - MediaContentProcessor - WARNING - Some media processing features will be limited. Missing dependencies: reportlab\n2025-05-26 12:08:23,969 - MediaContentProcessor - INFO - MediaContentProcessor initialized for agent test_agent\n.2025-05-26 12:08:23,970 - MediaContentProcessor - WARNING - Some media processing features will be limited. Missing dependencies: reportlab\n2025-05-26 12:08:23,970 - MediaContentProcessor - INFO - MediaContentProcessor initialized for agent test_agent\n.2025-05-26 12:08:23,970 - MediaContentProcessor - WARNING - Some media processing features will be limited. Missing dependencies: reportlab\n2025-05-26 12:08:23,970 - MediaContentProcessor - INFO - MediaContentProcessor initialized for agent test_agent\n.2025-05-26 12:08:23,971 - MediaContentProcessor - WARNING - Some media processing features will be limited. Missing dependencies: reportlab\n2025-05-26 12:08:23,971 - MediaContentProcessor - INFO - MediaContentProcessor initialized for agent test_agent\n.\n======================================================================\nERROR: test_create_image (__main__.TestMediaContentProcessor.test_create_image)\nTest creating an image content entry.\n----------------------------------------------------------------------\nTraceback (most recent call last):\n  File \"C:\\Users\\every\\miniconda3\\Lib\\unittest\\mock.py\", line 1396, in patched\n    return func(*newargs, **newkeywargs)\n           ^^^^^^^^^^^^^^^^^^^^^^^^^^^^^\n  File \"C:\\Users\\every\\Desktop\\Alex Familiar\\src\\test_media_content_processor.py\", line 95, in test_create_image\n    self.assertEqual(image_content.media_type, MediaType.IMAGE)\n                     ^^^^^^^^^^^^^^^^^^^^^^^^\nAttributeError: 'NoneType' object has no attribute 'media_type'\n\n======================================================================\nERROR: test_document_content_serialization (__main__.TestMediaContentProcessor.test_document_content_serialization)\nTest DocumentContent serialization and deserialization.\n----------------------------------------------------------------------\nTraceback (most recent call last):\n  File \"C:\\Users\\every\\Desktop\\Alex Familiar\\src\\test_media_content_processor.py\", line 324, in test_document_content_serialization\n    restored_doc = DocumentContent.from_dict(doc_dict)\n                   ^^^^^^^^^^^^^^^^^^^^^^^^^^^^^^^^^^^\n  File \"C:\\Users\\every\\Desktop\\Alex Familiar\\src\\media_content_processor.py\", line 304, in from_dict\n    return cls(**data_copy)\n           ^^^^^^^^^^^^^^^^\nTypeError: DocumentContent.__init__() got an unexpected keyword argument 'is_binary'\n\n======================================================================\nFAIL: test_device_profiles (__main__.TestMediaContentProcessor.test_device_profiles)\nTest device profile functionality.\n----------------------------------------------------------------------\nTraceback (most recent call last):\n  File \"C:\\Users\\every\\Desktop\\Alex Familiar\\src\\test_media_content_processor.py\", line 223, in test_device_profiles\n    self.assertIn(category, profiles)\nAssertionError: <DeviceCategory.E_READER: 'e_reader'> not found in {<DeviceCategory.DESKTOP: 'desktop'>: <media_content_processor.DeviceProfile object at 0x00000217031200B0>, <DeviceCategory.TABLET: 'tablet'>: <media_content_processor.DeviceProfile object at 0x00000217031C9E20>, <DeviceCategory.MOBILE: 'mobile'>: <media_content_processor.DeviceProfile object at 0x00000217031176E0>, <DeviceCategory.SCREEN_READER: 'screen_reader'>: <media_content_processor.DeviceProfile object at 0x0000021703B20170>, <DeviceCategory.LOW_BANDWIDTH: 'low_bandwidth'>: <media_content_processor.DeviceProfile object at 0x0000021703C4E420>}\n\n----------------------------------------------------------------------\nRan 9 tests in 0.009s\n\nFAILED (failures=1, errors=2)\n",
      "duration": 0.8841564655303955
    },
    "test_multi_model_integration.py": {
      "success": false,
      "output": "",
      "duration": 0.10557937622070312
    },
    "test_multilingual_engine.py": {
      "success": false,
      "output": "2025-05-26 12:08:24,307 - ContentHandler - INFO - ContentHandler initialized\n2025-05-26 12:08:24,307 - MultilingualEngine - INFO - Registered profile for language English\n2025-05-26 12:08:24,308 - MultilingualEngine - INFO - Registered profile for language Japanese\n2025-05-26 12:08:24,308 - MultilingualEngine - INFO - MultilingualEngine initialized for agent test_agent with default language English\n2025-05-26 12:08:24,308 - MultilingualEngine - INFO - Registered profile for language English\n2025-05-26 12:08:24,308 - MultilingualEngine - INFO - Registered profile for language Japanese\n2025-05-26 12:08:24,308 - MultilingualEngine - INFO - Registered profile for language Spanish\n2025-05-26 12:08:24,308 - MultilingualEngine - INFO - Registered core principle: Fairness as a Fundamental Truth\n2025-05-26 12:08:24,308 - MultilingualEngine - INFO - Registered core principle: Harmony Through Presence\n2025-05-26 12:08:24,308 - MultilingualEngine - INFO - Registered 2 terms for domain: agent_communication\n.2025-05-26 12:08:24,326 - ContentHandler - INFO - ContentHandler initialized\n2025-05-26 12:08:24,326 - MultilingualEngine - INFO - Registered profile for language English\n2025-05-26 12:08:24,326 - MultilingualEngine - INFO - Registered profile for language Japanese\n2025-05-26 12:08:24,326 - MultilingualEngine - INFO - MultilingualEngine initialized for agent test_agent with default language English\n2025-05-26 12:08:24,326 - MultilingualEngine - INFO - Registered profile for language English\n2025-05-26 12:08:24,326 - MultilingualEngine - INFO - Registered profile for language Japanese\n2025-05-26 12:08:24,326 - MultilingualEngine - INFO - Registered profile for language Spanish\n2025-05-26 12:08:24,326 - MultilingualEngine - INFO - Registered core principle: Fairness as a Fundamental Truth\n2025-05-26 12:08:24,326 - MultilingualEngine - INFO - Registered core principle: Harmony Through Presence\n2025-05-26 12:08:24,326 - MultilingualEngine - INFO - Registered 2 terms for domain: agent_communication\n.2025-05-26 12:08:24,344 - ContentHandler - INFO - ContentHandler initialized\n2025-05-26 12:08:24,344 - MultilingualEngine - INFO - Registered profile for language English\n2025-05-26 12:08:24,344 - MultilingualEngine - INFO - Registered profile for language Japanese\n2025-05-26 12:08:24,344 - MultilingualEngine - INFO - MultilingualEngine initialized for agent test_agent with default language English\n2025-05-26 12:08:24,344 - MultilingualEngine - INFO - Registered profile for language English\n2025-05-26 12:08:24,344 - MultilingualEngine - INFO - Registered profile for language Japanese\n2025-05-26 12:08:24,344 - MultilingualEngine - INFO - Registered profile for language Spanish\n2025-05-26 12:08:24,344 - MultilingualEngine - INFO - Registered core principle: Fairness as a Fundamental Truth\n2025-05-26 12:08:24,344 - MultilingualEngine - INFO - Registered core principle: Harmony Through Presence\n2025-05-26 12:08:24,344 - MultilingualEngine - INFO - Registered 2 terms for domain: agent_communication\nE2025-05-26 12:08:24,363 - ContentHandler - INFO - ContentHandler initialized\n2025-05-26 12:08:24,363 - MultilingualEngine - INFO - Registered profile for language English\n2025-05-26 12:08:24,363 - MultilingualEngine - INFO - Registered profile for language Japanese\n2025-05-26 12:08:24,363 - MultilingualEngine - INFO - MultilingualEngine initialized for agent test_agent with default language English\n2025-05-26 12:08:24,363 - MultilingualEngine - INFO - Registered profile for language English\n2025-05-26 12:08:24,363 - MultilingualEngine - INFO - Registered profile for language Japanese\n2025-05-26 12:08:24,363 - MultilingualEngine - INFO - Registered profile for language Spanish\n2025-05-26 12:08:24,363 - MultilingualEngine - INFO - Registered core principle: Fairness as a Fundamental Truth\n2025-05-26 12:08:24,363 - MultilingualEngine - INFO - Registered core principle: Harmony Through Presence\n2025-05-26 12:08:24,363 - MultilingualEngine - INFO - Registered 2 terms for domain: agent_communication\n2025-05-26 12:08:24,363 - MultilingualEngine - WARNING - No profile found for language Korean, using default language profile\nF2025-05-26 12:08:24,383 - ContentHandler - INFO - ContentHandler initialized\n2025-05-26 12:08:24,383 - MultilingualEngine - INFO - Registered profile for language English\n2025-05-26 12:08:24,383 - MultilingualEngine - INFO - Registered profile for language Japanese\n2025-05-26 12:08:24,383 - MultilingualEngine - INFO - MultilingualEngine initialized for agent test_agent with default language English\n2025-05-26 12:08:24,383 - MultilingualEngine - INFO - Registered profile for language English\n2025-05-26 12:08:24,383 - MultilingualEngine - INFO - Registered profile for language Japanese\n2025-05-26 12:08:24,383 - MultilingualEngine - INFO - Registered profile for language Spanish\n2025-05-26 12:08:24,383 - MultilingualEngine - INFO - Registered core principle: Fairness as a Fundamental Truth\n2025-05-26 12:08:24,383 - MultilingualEngine - INFO - Registered core principle: Harmony Through Presence\n2025-05-26 12:08:24,383 - MultilingualEngine - INFO - Registered 2 terms for domain: agent_communication\n2025-05-26 12:08:24,383 - MultilingualEngine - WARNING - No profile found for language Hindi, using default language profile\n.2025-05-26 12:08:24,400 - ContentHandler - INFO - ContentHandler initialized\n2025-05-26 12:08:24,400 - MultilingualEngine - INFO - Registered profile for language English\n2025-05-26 12:08:24,400 - MultilingualEngine - INFO - Registered profile for language Japanese\n2025-05-26 12:08:24,400 - MultilingualEngine - INFO - MultilingualEngine initialized for agent test_agent with default language English\n2025-05-26 12:08:24,400 - MultilingualEngine - INFO - Registered profile for language English\n2025-05-26 12:08:24,400 - MultilingualEngine - INFO - Registered profile for language Japanese\n2025-05-26 12:08:24,400 - MultilingualEngine - INFO - Registered profile for language Spanish\n2025-05-26 12:08:24,400 - MultilingualEngine - INFO - Registered core principle: Fairness as a Fundamental Truth\n2025-05-26 12:08:24,400 - MultilingualEngine - INFO - Registered core principle: Harmony Through Presence\n2025-05-26 12:08:24,400 - MultilingualEngine - INFO - Registered 2 terms for domain: agent_communication\n.2025-05-26 12:08:24,417 - ContentHandler - INFO - ContentHandler initialized\n2025-05-26 12:08:24,417 - MultilingualEngine - INFO - Registered profile for language English\n2025-05-26 12:08:24,417 - MultilingualEngine - INFO - Registered profile for language Japanese\n2025-05-26 12:08:24,417 - MultilingualEngine - INFO - MultilingualEngine initialized for agent test_agent with default language English\n2025-05-26 12:08:24,417 - MultilingualEngine - INFO - Registered profile for language English\n2025-05-26 12:08:24,417 - MultilingualEngine - INFO - Registered profile for language Japanese\n2025-05-26 12:08:24,417 - MultilingualEngine - INFO - Registered profile for language Spanish\n2025-05-26 12:08:24,417 - MultilingualEngine - INFO - Registered core principle: Fairness as a Fundamental Truth\n2025-05-26 12:08:24,417 - MultilingualEngine - INFO - Registered core principle: Harmony Through Presence\n2025-05-26 12:08:24,417 - MultilingualEngine - INFO - Registered 2 terms for domain: agent_communication\n.2025-05-26 12:08:24,435 - ContentHandler - INFO - ContentHandler initialized\n2025-05-26 12:08:24,435 - MultilingualEngine - INFO - Registered profile for language English\n2025-05-26 12:08:24,435 - MultilingualEngine - INFO - Registered profile for language Japanese\n2025-05-26 12:08:24,435 - MultilingualEngine - INFO - MultilingualEngine initialized for agent test_agent with default language English\n2025-05-26 12:08:24,435 - MultilingualEngine - INFO - Registered profile for language English\n2025-05-26 12:08:24,435 - MultilingualEngine - INFO - Registered profile for language Japanese\n2025-05-26 12:08:24,435 - MultilingualEngine - INFO - Registered profile for language Spanish\n2025-05-26 12:08:24,435 - MultilingualEngine - INFO - Registered core principle: Fairness as a Fundamental Truth\n2025-05-26 12:08:24,435 - MultilingualEngine - INFO - Registered core principle: Harmony Through Presence\n2025-05-26 12:08:24,435 - MultilingualEngine - INFO - Registered 2 terms for domain: agent_communication\n.2025-05-26 12:08:24,453 - ContentHandler - INFO - ContentHandler initialized\n2025-05-26 12:08:24,454 - MultilingualEngine - INFO - Registered profile for language English\n2025-05-26 12:08:24,454 - MultilingualEngine - INFO - Registered profile for language Japanese\n2025-05-26 12:08:24,454 - MultilingualEngine - INFO - MultilingualEngine initialized for agent test_agent with default language English\n2025-05-26 12:08:24,454 - MultilingualEngine - INFO - Registered profile for language English\n2025-05-26 12:08:24,454 - MultilingualEngine - INFO - Registered profile for language Japanese\n2025-05-26 12:08:24,454 - MultilingualEngine - INFO - Registered profile for language Spanish\n2025-05-26 12:08:24,454 - MultilingualEngine - INFO - Registered core principle: Fairness as a Fundamental Truth\n2025-05-26 12:08:24,454 - MultilingualEngine - INFO - Registered core principle: Harmony Through Presence\n2025-05-26 12:08:24,454 - MultilingualEngine - INFO - Registered 2 terms for domain: agent_communication\n2025-05-26 12:08:24,454 - MultilingualEngine - INFO - Registered profile for language Italian\n2025-05-26 12:08:24,454 - MultilingualEngine - INFO - Added minimal support for language: Italian\n2025-05-26 12:08:24,454 - MultilingualEngine - INFO - Registered profile for language French\n2025-05-26 12:08:24,454 - MultilingualEngine - INFO - Added support for language: French\nF2025-05-26 12:08:24,473 - ContentHandler - INFO - ContentHandler initialized\n2025-05-26 12:08:24,473 - MultilingualEngine - INFO - Registered profile for language English\n2025-05-26 12:08:24,473 - MultilingualEngine - INFO - Registered profile for language Japanese\n2025-05-26 12:08:24,473 - MultilingualEngine - INFO - MultilingualEngine initialized for agent test_agent with default language English\n2025-05-26 12:08:24,473 - MultilingualEngine - INFO - Registered profile for language English\n2025-05-26 12:08:24,473 - MultilingualEngine - INFO - Registered profile for language Japanese\n2025-05-26 12:08:24,473 - MultilingualEngine - INFO - Registered profile for language Spanish\n2025-05-26 12:08:24,473 - MultilingualEngine - INFO - Registered core principle: Fairness as a Fundamental Truth\n2025-05-26 12:08:24,473 - MultilingualEngine - INFO - Registered core principle: Harmony Through Presence\n2025-05-26 12:08:24,473 - MultilingualEngine - INFO - Registered 2 terms for domain: agent_communication\n.\n======================================================================\nERROR: test_cultural_adaptations (__main__.TestMultilingualEngine.test_cultural_adaptations)\nTest cultural adaptations of messages.\n----------------------------------------------------------------------\nTraceback (most recent call last):\n  File \"C:\\Users\\every\\Desktop\\Alex Familiar\\src\\test_multilingual_engine.py\", line 257, in test_cultural_adaptations\n    adaptations = self.engine._apply_cultural_adaptations(\n                  ^^^^^^^^^^^^^^^^^^^^^^^^^^^^^^^^^^^^^^^^\n  File \"C:\\Users\\every\\Desktop\\Alex Familiar\\src\\multilingual_engine.py\", line 645, in _apply_cultural_adaptations\n    adapted_greeting = language_profile.greeting_formats[0].format(name=\"{name}\")\n                       ^^^^^^^^^^^^^^^^^^^^^^^^^^^^^^^^^^^^^^^^^^^^^^^^^^^^^^^^^^\nKeyError: 'surname'\n\n======================================================================\nFAIL: test_get_cultural_guidance (__main__.TestMultilingualEngine.test_get_cultural_guidance)\nTest getting cultural guidance for a language.\n----------------------------------------------------------------------\nTraceback (most recent call last):\n  File \"C:\\Users\\every\\Desktop\\Alex Familiar\\src\\test_multilingual_engine.py\", line 376, in test_get_cultural_guidance\n    self.assertEqual(no_profile_guidance, {})\nAssertionError: {'language': 'Korean', 'cultural_dimension[362 chars]: []} != {}\nDiff is 647 characters long. Set self.maxDiff to None to see it.\n\n======================================================================\nFAIL: test_support_new_language (__main__.TestMultilingualEngine.test_support_new_language)\nTest adding support for new languages.\n----------------------------------------------------------------------\nTraceback (most recent call last):\n  File \"C:\\Users\\every\\Desktop\\Alex Familiar\\src\\test_multilingual_engine.py\", line 353, in test_support_new_language\n    with self.assertLogs(level='ERROR'):\n         ^^^^^^^^^^^^^^^^^^^^^^^^^^^^^^\n  File \"C:\\Users\\every\\miniconda3\\Lib\\unittest\\_log.py\", line 84, in __exit__\n    self._raiseFailure(\nAssertionError: no logs of level ERROR or higher triggered on root\n\n----------------------------------------------------------------------\nRan 10 tests in 0.186s\n\nFAILED (failures=2, errors=1)\n",
      "duration": 0.31975293159484863
    },
    "test_orchestration_analytics.py": {
      "success": false,
      "output": "2025-05-26 12:08:24,905 - OrchestrationAnalytics - INFO - Registered metric 'Task Processing Time' with ID metric-eb816208-f3cf-4092-93f7-f67a3fab7ff9\n2025-05-26 12:08:24,906 - OrchestrationAnalytics - INFO - Registered metric 'Agent Response Time' with ID metric-72467437-956c-445e-bd2e-899f7e69e28d\n2025-05-26 12:08:24,906 - OrchestrationAnalytics - INFO - Registered metric 'Task Queue Time' with ID metric-4f2f783b-83d6-4568-925b-7f093ab789f7\n2025-05-26 12:08:24,906 - OrchestrationAnalytics - INFO - Registered metric 'Agent Utilization' with ID metric-e4d89c04-3e19-4757-aab8-32a81d72494b\n2025-05-26 12:08:24,906 - OrchestrationAnalytics - INFO - Registered metric 'Task Parallelism' with ID metric-078a0357-d781-4178-a1d0-98d0e9840771\n2025-05-26 12:08:24,906 - OrchestrationAnalytics - INFO - Registered metric 'Resource Utilization' with ID metric-e78bd393-3d53-462b-b647-b710d76ec296\n2025-05-26 12:08:24,906 - OrchestrationAnalytics - INFO - Registered metric 'Task Success Rate' with ID metric-c5a9b98d-b3c6-4b17-9680-80a21d6cb947\n2025-05-26 12:08:24,906 - OrchestrationAnalytics - INFO - Registered metric 'Error Rate' with ID metric-e7f375b3-9a3c-4a7d-803d-7749b189a38f\n2025-05-26 12:08:24,906 - OrchestrationAnalytics - INFO - Registered metric 'Principle Alignment Score' with ID metric-2ceb167f-df2c-46b7-8790-22aa5b9c21f9\n2025-05-26 12:08:24,906 - OrchestrationAnalytics - INFO - Registered metric 'Communication Volume' with ID metric-4c0a057b-d5f2-4bdb-81ff-592dd908bf84\n2025-05-26 12:08:24,906 - OrchestrationAnalytics - INFO - Registered metric 'Coordination Overhead' with ID metric-0e500c0c-3819-4fbd-b19f-b4a499d6031e\n2025-05-26 12:08:24,906 - OrchestrationAnalytics - INFO - Registered metric 'Critical Path Delay' with ID metric-b7c2244d-6133-4f77-b5c7-2e52e04a25c5\n2025-05-26 12:08:24,906 - OrchestrationAnalytics - INFO - Registered metric 'Resource Contention Count' with ID metric-f700cde5-9819-435e-9d7f-3adeaaac8b5c\n2025-05-26 12:08:24,906 - OrchestrationAnalytics - INFO - Registered metric 'Recovery Time' with ID metric-f1702e93-cd81-4519-b493-0dc95684e83a\n2025-05-26 12:08:24,906 - OrchestrationAnalytics - INFO - Registered metric 'Adaptability Score' with ID metric-bc761aad-6fdb-47ad-839a-bb9428174022\n2025-05-26 12:08:24,906 - OrchestrationAnalytics - INFO - Registered metric 'Task Completion Rate' with ID metric-14054873-08e3-4fee-8ef4-b2d4053a61a1\n2025-05-26 12:08:24,906 - OrchestrationAnalytics - INFO - Registered metric 'Milestone Completion Rate' with ID metric-d85a2505-a677-48a0-80b8-b9e70bbb5239\n2025-05-26 12:08:24,906 - OrchestrationAnalytics - INFO - Registered metric 'Agent Satisfaction Score' with ID metric-73bf8fb0-0878-428d-8fda-4f3777ed6bb7\n2025-05-26 12:08:24,906 - OrchestrationAnalytics - INFO - OrchestrationAnalytics initialized for agent test-analytics\n.2025-05-26 12:08:24,907 - OrchestrationAnalytics - INFO - Registered metric 'Task Processing Time' with ID metric-1d7913f8-4722-4b8b-8986-e83a4417a3ae\n2025-05-26 12:08:24,907 - OrchestrationAnalytics - INFO - Registered metric 'Agent Response Time' with ID metric-231b4fb9-7e64-4f6d-9add-cbcca981cddb\n2025-05-26 12:08:24,907 - OrchestrationAnalytics - INFO - Registered metric 'Task Queue Time' with ID metric-07f11669-b244-4b13-9b0c-194df4c066f1\n2025-05-26 12:08:24,907 - OrchestrationAnalytics - INFO - Registered metric 'Agent Utilization' with ID metric-47ab0687-3c55-4d41-98d8-aecc46562260\n2025-05-26 12:08:24,907 - OrchestrationAnalytics - INFO - Registered metric 'Task Parallelism' with ID metric-b90941a9-7748-4064-8e94-7b020f605d15\n2025-05-26 12:08:24,907 - OrchestrationAnalytics - INFO - Registered metric 'Resource Utilization' with ID metric-a0c7c845-c9f5-47a8-b1a0-af7d248d36a6\n2025-05-26 12:08:24,907 - OrchestrationAnalytics - INFO - Registered metric 'Task Success Rate' with ID metric-5b261be7-faff-4a11-b00c-2836f2c2d066\n2025-05-26 12:08:24,907 - OrchestrationAnalytics - INFO - Registered metric 'Error Rate' with ID metric-1d2757a9-485a-47e3-b770-0bf49e2e7dfb\n2025-05-26 12:08:24,907 - OrchestrationAnalytics - INFO - Registered metric 'Principle Alignment Score' with ID metric-5af0e5d4-3459-48b1-ad42-8f5f6d6572a8\n2025-05-26 12:08:24,907 - OrchestrationAnalytics - INFO - Registered metric 'Communication Volume' with ID metric-35a6b461-c095-441d-aa4c-4333ddefa365\n2025-05-26 12:08:24,907 - OrchestrationAnalytics - INFO - Registered metric 'Coordination Overhead' with ID metric-7ed7e263-2f25-47a9-ac67-30d25120d35f\n2025-05-26 12:08:24,907 - OrchestrationAnalytics - INFO - Registered metric 'Critical Path Delay' with ID metric-d0af263f-708a-43f6-8fc8-dbe70b25115d\n2025-05-26 12:08:24,907 - OrchestrationAnalytics - INFO - Registered metric 'Resource Contention Count' with ID metric-d95d8507-2712-4712-aff7-a2fc4e8619e6\n2025-05-26 12:08:24,907 - OrchestrationAnalytics - INFO - Registered metric 'Recovery Time' with ID metric-ba9be1ad-3517-4ef2-88fc-b7c55ba5c208\n2025-05-26 12:08:24,907 - OrchestrationAnalytics - INFO - Registered metric 'Adaptability Score' with ID metric-80fa2ba6-a6dc-4f14-a6cc-c4969802a229\n2025-05-26 12:08:24,907 - OrchestrationAnalytics - INFO - Registered metric 'Task Completion Rate' with ID metric-3b0a506b-2fe4-4095-a276-858e75d7bf2d\n2025-05-26 12:08:24,907 - OrchestrationAnalytics - INFO - Registered metric 'Milestone Completion Rate' with ID metric-97c69dfc-edae-49ce-b10a-fcdfeaf03103\n2025-05-26 12:08:24,907 - OrchestrationAnalytics - INFO - Registered metric 'Agent Satisfaction Score' with ID metric-fbf2f885-4195-4f0c-8f05-3183074a3530\n2025-05-26 12:08:24,907 - OrchestrationAnalytics - INFO - OrchestrationAnalytics initialized for agent test-analytics\n.2025-05-26 12:08:24,908 - OrchestrationAnalytics - INFO - Registered metric 'Task Processing Time' with ID metric-30c25d8b-df8a-41a5-8c2b-3a5ae1444106\n2025-05-26 12:08:24,908 - OrchestrationAnalytics - INFO - Registered metric 'Agent Response Time' with ID metric-46143d65-88fe-47e8-8696-c95dd6488a27\n2025-05-26 12:08:24,908 - OrchestrationAnalytics - INFO - Registered metric 'Task Queue Time' with ID metric-c41ad58e-0269-4fe6-b6d3-2eae3c76175d\n2025-05-26 12:08:24,908 - OrchestrationAnalytics - INFO - Registered metric 'Agent Utilization' with ID metric-9d554558-4a33-4867-9f13-cc2c4c032148\n2025-05-26 12:08:24,908 - OrchestrationAnalytics - INFO - Registered metric 'Task Parallelism' with ID metric-86b06aa9-a906-4484-b316-ec830bbe9649\n2025-05-26 12:08:24,908 - OrchestrationAnalytics - INFO - Registered metric 'Resource Utilization' with ID metric-a25d72d1-e512-4dfa-bc65-e99c8579cde2\n2025-05-26 12:08:24,908 - OrchestrationAnalytics - INFO - Registered metric 'Task Success Rate' with ID metric-992cbd34-cffc-4bec-bd91-3299ef432a4e\n2025-05-26 12:08:24,908 - OrchestrationAnalytics - INFO - Registered metric 'Error Rate' with ID metric-ed73d502-6489-468c-b2bc-e33448def73f\n2025-05-26 12:08:24,908 - OrchestrationAnalytics - INFO - Registered metric 'Principle Alignment Score' with ID metric-cf3ec707-1dae-4439-aede-d22b18e0f2e5\n2025-05-26 12:08:24,908 - OrchestrationAnalytics - INFO - Registered metric 'Communication Volume' with ID metric-2b34dd58-e4db-44b8-8841-c8c249d471ee\n2025-05-26 12:08:24,908 - OrchestrationAnalytics - INFO - Registered metric 'Coordination Overhead' with ID metric-b264e98b-26b2-4f26-83ca-ef0b5e0ae8df\n2025-05-26 12:08:24,908 - OrchestrationAnalytics - INFO - Registered metric 'Critical Path Delay' with ID metric-8a56ae3a-6ef2-4545-a3ff-25b2c240d578\n2025-05-26 12:08:24,908 - OrchestrationAnalytics - INFO - Registered metric 'Resource Contention Count' with ID metric-30a9b66d-f246-44cc-ad41-60f8947db657\n2025-05-26 12:08:24,908 - OrchestrationAnalytics - INFO - Registered metric 'Recovery Time' with ID metric-86be6237-ccde-438f-bc01-d43974efb56c\n2025-05-26 12:08:24,908 - OrchestrationAnalytics - INFO - Registered metric 'Adaptability Score' with ID metric-f6c08b6f-3cc5-4f34-9a1b-be7086da1063\n2025-05-26 12:08:24,908 - OrchestrationAnalytics - INFO - Registered metric 'Task Completion Rate' with ID metric-262bed05-58d1-4465-897a-c2b241fce583\n2025-05-26 12:08:24,908 - OrchestrationAnalytics - INFO - Registered metric 'Milestone Completion Rate' with ID metric-6ee5bf58-01eb-4572-9047-4ea7595147ac\n2025-05-26 12:08:24,909 - OrchestrationAnalytics - INFO - Registered metric 'Agent Satisfaction Score' with ID metric-f2c9b72c-42df-40e8-bec7-d16c65c8c9c1\n2025-05-26 12:08:24,909 - OrchestrationAnalytics - INFO - OrchestrationAnalytics initialized for agent test-analytics\n2025-05-26 12:08:24,909 - OrchestrationAnalytics - INFO - Registered metric 'Test Principle Metric' with ID metric-a26bc0ec-bcb9-4957-a606-5390acb7ace5\nE2025-05-26 12:08:24,911 - OrchestrationAnalytics - INFO - Registered metric 'Task Processing Time' with ID metric-2a7dffbd-5904-4f84-8def-9d0d5485ccfc\n2025-05-26 12:08:24,911 - OrchestrationAnalytics - INFO - Registered metric 'Agent Response Time' with ID metric-f44a196e-a7a6-4d82-8545-d65fb33ea00e\n2025-05-26 12:08:24,911 - OrchestrationAnalytics - INFO - Registered metric 'Task Queue Time' with ID metric-445ebb01-4aa2-41d3-a4f4-31e6dda25c41\n2025-05-26 12:08:24,911 - OrchestrationAnalytics - INFO - Registered metric 'Agent Utilization' with ID metric-2138a460-3006-4457-84f3-2205c407c476\n2025-05-26 12:08:24,911 - OrchestrationAnalytics - INFO - Registered metric 'Task Parallelism' with ID metric-34308469-1322-456d-9757-45cff9a38182\n2025-05-26 12:08:24,911 - OrchestrationAnalytics - INFO - Registered metric 'Resource Utilization' with ID metric-497e989e-c0ce-44cc-a0bd-553d51ea5449\n2025-05-26 12:08:24,911 - OrchestrationAnalytics - INFO - Registered metric 'Task Success Rate' with ID metric-4f2f5545-25ef-4151-b4b6-9d67ca54f52b\n2025-05-26 12:08:24,911 - OrchestrationAnalytics - INFO - Registered metric 'Error Rate' with ID metric-dd9365c6-7faf-4f53-90fb-44af9437b3b8\n2025-05-26 12:08:24,911 - OrchestrationAnalytics - INFO - Registered metric 'Principle Alignment Score' with ID metric-72e1a62f-8a94-40b8-be35-a5d1f26188c9\n2025-05-26 12:08:24,911 - OrchestrationAnalytics - INFO - Registered metric 'Communication Volume' with ID metric-34acbe07-6f22-4f82-98a5-851a463a6057\n2025-05-26 12:08:24,911 - OrchestrationAnalytics - INFO - Registered metric 'Coordination Overhead' with ID metric-d615f135-e821-4d78-afb8-d6493ac2f51d\n2025-05-26 12:08:24,911 - OrchestrationAnalytics - INFO - Registered metric 'Critical Path Delay' with ID metric-87db2c71-755c-458d-868f-97da57c998ee\n2025-05-26 12:08:24,911 - OrchestrationAnalytics - INFO - Registered metric 'Resource Contention Count' with ID metric-983fd044-e7ea-4801-8429-fb6eaf39751c\n2025-05-26 12:08:24,911 - OrchestrationAnalytics - INFO - Registered metric 'Recovery Time' with ID metric-c521b723-5dde-4a99-b86c-f904a50302b7\n2025-05-26 12:08:24,911 - OrchestrationAnalytics - INFO - Registered metric 'Adaptability Score' with ID metric-dd6245ef-2917-44e2-9940-038418031818\n2025-05-26 12:08:24,911 - OrchestrationAnalytics - INFO - Registered metric 'Task Completion Rate' with ID metric-0deea74d-a6ef-4d66-afbd-364bf240a71f\n2025-05-26 12:08:24,911 - OrchestrationAnalytics - INFO - Registered metric 'Milestone Completion Rate' with ID metric-a031da15-91c8-49e0-9197-b9c95198376d\n2025-05-26 12:08:24,911 - OrchestrationAnalytics - INFO - Registered metric 'Agent Satisfaction Score' with ID metric-77e1e13e-10bd-4633-88a4-cd63684f7bb4\n2025-05-26 12:08:24,911 - OrchestrationAnalytics - INFO - OrchestrationAnalytics initialized for agent test-analytics\nE2025-05-26 12:08:24,915 - OrchestrationAnalytics - INFO - Registered metric 'Task Processing Time' with ID metric-6f48bf56-cb0f-49a8-bd7e-d34f9aaac621\n2025-05-26 12:08:24,915 - OrchestrationAnalytics - INFO - Registered metric 'Agent Response Time' with ID metric-5fa60381-1114-45b5-ab6c-627fc356ab00\n2025-05-26 12:08:24,915 - OrchestrationAnalytics - INFO - Registered metric 'Task Queue Time' with ID metric-f8859c35-c6f6-48ce-afde-1ddde9946d6a\n2025-05-26 12:08:24,915 - OrchestrationAnalytics - INFO - Registered metric 'Agent Utilization' with ID metric-0345faee-8d5f-4ddc-94d2-fc844e47728b\n2025-05-26 12:08:24,915 - OrchestrationAnalytics - INFO - Registered metric 'Task Parallelism' with ID metric-0154b7fb-1b54-4663-b73e-0a6298a1fd13\n2025-05-26 12:08:24,915 - OrchestrationAnalytics - INFO - Registered metric 'Resource Utilization' with ID metric-9180fa49-6f47-4329-af6a-7fa1d38ebc0e\n2025-05-26 12:08:24,915 - OrchestrationAnalytics - INFO - Registered metric 'Task Success Rate' with ID metric-73fade01-bc11-4529-a6f0-78f01ee4e0ca\n2025-05-26 12:08:24,915 - OrchestrationAnalytics - INFO - Registered metric 'Error Rate' with ID metric-c68c4bdc-01b7-41ac-b391-1991e6d08000\n2025-05-26 12:08:24,915 - OrchestrationAnalytics - INFO - Registered metric 'Principle Alignment Score' with ID metric-766d7dab-4b66-4530-bbc4-c5028cccc722\n2025-05-26 12:08:24,915 - OrchestrationAnalytics - INFO - Registered metric 'Communication Volume' with ID metric-7e4fcb9b-194b-4b69-9f74-0dfec1bd4af2\n2025-05-26 12:08:24,915 - OrchestrationAnalytics - INFO - Registered metric 'Coordination Overhead' with ID metric-daef7f3a-a145-4ac0-820c-81b42918ae8e\n2025-05-26 12:08:24,915 - OrchestrationAnalytics - INFO - Registered metric 'Critical Path Delay' with ID metric-b4277e78-a055-49b7-8a1f-4ed6e364fb9b\n2025-05-26 12:08:24,915 - OrchestrationAnalytics - INFO - Registered metric 'Resource Contention Count' with ID metric-8bbae842-be3d-4110-9068-53f01a4a0787\n2025-05-26 12:08:24,915 - OrchestrationAnalytics - INFO - Registered metric 'Recovery Time' with ID metric-53ad7ec7-9c97-48c3-a753-c661abc55488\n2025-05-26 12:08:24,915 - OrchestrationAnalytics - INFO - Registered metric 'Adaptability Score' with ID metric-055db3d7-8a96-434b-a1cf-a2c86c05e563\n2025-05-26 12:08:24,915 - OrchestrationAnalytics - INFO - Registered metric 'Task Completion Rate' with ID metric-778b0abe-ad53-4f99-be63-e43eadfc3aa0\n2025-05-26 12:08:24,915 - OrchestrationAnalytics - INFO - Registered metric 'Milestone Completion Rate' with ID metric-843d9f5a-c7f7-46fa-adc2-e23ec0615043\n2025-05-26 12:08:24,915 - OrchestrationAnalytics - INFO - Registered metric 'Agent Satisfaction Score' with ID metric-249f5bae-909e-4c55-a943-a4239a8d164f\n2025-05-26 12:08:24,915 - OrchestrationAnalytics - INFO - OrchestrationAnalytics initialized for agent test-analytics\n2025-05-26 12:08:24,915 - OrchestrationAnalytics - INFO - Registered metric 'Test Metric' with ID metric-3389159a-2ad4-4ba0-9022-c346e3c37480\n.2025-05-26 12:08:24,916 - OrchestrationAnalytics - INFO - Registered metric 'Task Processing Time' with ID metric-9341814a-1870-4681-aeec-93d9b6aa07c4\n2025-05-26 12:08:24,916 - OrchestrationAnalytics - INFO - Registered metric 'Agent Response Time' with ID metric-6fc9d6e6-c6cf-4c48-9fa0-a84261b9928e\n2025-05-26 12:08:24,916 - OrchestrationAnalytics - INFO - Registered metric 'Task Queue Time' with ID metric-7ab73a61-79b9-4640-8ca1-a1b4b246d013\n2025-05-26 12:08:24,916 - OrchestrationAnalytics - INFO - Registered metric 'Agent Utilization' with ID metric-f523470e-e0af-4aab-918a-9f0cc18b0fc7\n2025-05-26 12:08:24,916 - OrchestrationAnalytics - INFO - Registered metric 'Task Parallelism' with ID metric-3d362d8c-932b-4f73-8b38-0cb4f62bcdf6\n2025-05-26 12:08:24,916 - OrchestrationAnalytics - INFO - Registered metric 'Resource Utilization' with ID metric-43647471-b6eb-4fdf-a8ba-f4cf047e4402\n2025-05-26 12:08:24,916 - OrchestrationAnalytics - INFO - Registered metric 'Task Success Rate' with ID metric-e3f33aab-cf1f-4e91-bc5c-913d2a865cbd\n2025-05-26 12:08:24,916 - OrchestrationAnalytics - INFO - Registered metric 'Error Rate' with ID metric-a2ef43f1-a63d-4518-8115-d88f6b69f233\n2025-05-26 12:08:24,916 - OrchestrationAnalytics - INFO - Registered metric 'Principle Alignment Score' with ID metric-829e7424-c21f-45f9-a5a1-8506eb1df637\n2025-05-26 12:08:24,916 - OrchestrationAnalytics - INFO - Registered metric 'Communication Volume' with ID metric-d939161a-2a04-4662-93dc-f69eb063941d\n2025-05-26 12:08:24,916 - OrchestrationAnalytics - INFO - Registered metric 'Coordination Overhead' with ID metric-b0e68869-81f9-41ea-9813-838434c575aa\n2025-05-26 12:08:24,916 - OrchestrationAnalytics - INFO - Registered metric 'Critical Path Delay' with ID metric-42830325-50d3-4668-bb9b-e6ba83c53bf3\n2025-05-26 12:08:24,916 - OrchestrationAnalytics - INFO - Registered metric 'Resource Contention Count' with ID metric-4b55ad0a-5a06-4aa9-80b4-336915ede1d8\n2025-05-26 12:08:24,916 - OrchestrationAnalytics - INFO - Registered metric 'Recovery Time' with ID metric-f3ac4a33-152b-4115-ba5b-d59ff1d95831\n2025-05-26 12:08:24,916 - OrchestrationAnalytics - INFO - Registered metric 'Adaptability Score' with ID metric-a1dbe8f6-ffef-4d64-952a-e77dc4fbc883\n2025-05-26 12:08:24,916 - OrchestrationAnalytics - INFO - Registered metric 'Task Completion Rate' with ID metric-c8f114bb-65cf-409d-81ad-c2fcc7f1c6d0\n2025-05-26 12:08:24,916 - OrchestrationAnalytics - INFO - Registered metric 'Milestone Completion Rate' with ID metric-f70a96d4-05fe-42c2-bc9f-ff1667783faa\n2025-05-26 12:08:24,916 - OrchestrationAnalytics - INFO - Registered metric 'Agent Satisfaction Score' with ID metric-be9fc95f-7bfd-45e6-bf52-2e90fbb31c63\n2025-05-26 12:08:24,916 - OrchestrationAnalytics - INFO - OrchestrationAnalytics initialized for agent test-analytics\n2025-05-26 12:08:24,916 - OrchestrationAnalytics - INFO - Registered metric 'Test Metric' with ID metric-7a8f7508-d5a8-4d85-8695-1141528ab610\n.2025-05-26 12:08:24,917 - OrchestrationAnalytics - INFO - Registered metric 'Task Processing Time' with ID metric-a304bc2e-5475-45a3-b322-b40876457d5a\n2025-05-26 12:08:24,917 - OrchestrationAnalytics - INFO - Registered metric 'Agent Response Time' with ID metric-740fa7db-90c3-4145-a951-a7721854dd94\n2025-05-26 12:08:24,917 - OrchestrationAnalytics - INFO - Registered metric 'Task Queue Time' with ID metric-0ad7d2d5-f246-4359-a867-03a230a81925\n2025-05-26 12:08:24,917 - OrchestrationAnalytics - INFO - Registered metric 'Agent Utilization' with ID metric-57a31cdc-1264-446e-9c9e-f4c1d1d25dfb\n2025-05-26 12:08:24,917 - OrchestrationAnalytics - INFO - Registered metric 'Task Parallelism' with ID metric-5a87c0f1-a353-4177-bfc4-c9db1fb6ce5a\n2025-05-26 12:08:24,917 - OrchestrationAnalytics - INFO - Registered metric 'Resource Utilization' with ID metric-285766bb-6fe5-4dfb-979a-05aa18d83068\n2025-05-26 12:08:24,917 - OrchestrationAnalytics - INFO - Registered metric 'Task Success Rate' with ID metric-1e7c88e6-c8e4-46ea-b966-5c2197e19b35\n2025-05-26 12:08:24,917 - OrchestrationAnalytics - INFO - Registered metric 'Error Rate' with ID metric-f800984f-af9d-4080-a88d-842c1a3c0906\n2025-05-26 12:08:24,917 - OrchestrationAnalytics - INFO - Registered metric 'Principle Alignment Score' with ID metric-cfdb4ea3-4455-468d-9b16-3a3bba2782a7\n2025-05-26 12:08:24,917 - OrchestrationAnalytics - INFO - Registered metric 'Communication Volume' with ID metric-73013a2f-8149-48cc-8e6c-da010d68f386\n2025-05-26 12:08:24,917 - OrchestrationAnalytics - INFO - Registered metric 'Coordination Overhead' with ID metric-cbbe9a2d-ed4f-4c2a-9957-b3f57b974ceb\n2025-05-26 12:08:24,917 - OrchestrationAnalytics - INFO - Registered metric 'Critical Path Delay' with ID metric-b3b24d2a-a108-4782-8913-05b58d0e267a\n2025-05-26 12:08:24,917 - OrchestrationAnalytics - INFO - Registered metric 'Resource Contention Count' with ID metric-85a379c4-9357-4532-9b64-4656f2377371\n2025-05-26 12:08:24,917 - OrchestrationAnalytics - INFO - Registered metric 'Recovery Time' with ID metric-172abf05-e39c-4473-bdea-7dc1bb802555\n2025-05-26 12:08:24,917 - OrchestrationAnalytics - INFO - Registered metric 'Adaptability Score' with ID metric-365003fb-74c0-40de-b5de-80bc3220968b\n2025-05-26 12:08:24,917 - OrchestrationAnalytics - INFO - Registered metric 'Task Completion Rate' with ID metric-e4688d55-c31b-4a52-8111-bfa3a3a031aa\n2025-05-26 12:08:24,917 - OrchestrationAnalytics - INFO - Registered metric 'Milestone Completion Rate' with ID metric-b7ffda0e-e0ef-4572-9842-b1e1c45d3409\n2025-05-26 12:08:24,917 - OrchestrationAnalytics - INFO - Registered metric 'Agent Satisfaction Score' with ID metric-e67174fa-c64d-4a6a-b623-6e9f5b8017cd\n2025-05-26 12:08:24,917 - OrchestrationAnalytics - INFO - OrchestrationAnalytics initialized for agent test-analytics\nE\n======================================================================\nERROR: test_measure_principle_alignment (__main__.TestOrchestrationAnalytics.test_measure_principle_alignment)\nTest measurement of principle alignment.\n----------------------------------------------------------------------\nTraceback (most recent call last):\n  File \"C:\\Users\\every\\Desktop\\Alex Familiar\\src\\test_orchestration_analytics.py\", line 171, in test_measure_principle_alignment\n    alignment = self.analytics.measure_principle_alignment([\"principle-001\"])\n                ^^^^^^^^^^^^^^^^^^^^^^^^^^^^^^^^^^^^^^^^^^\nAttributeError: 'OrchestrationAnalytics' object has no attribute 'measure_principle_alignment'. Did you mean: 'principle_alignment'?\n\n======================================================================\nERROR: test_recommendation_generation (__main__.TestOrchestrationAnalytics.test_recommendation_generation)\nTest generation of optimization recommendations.\n----------------------------------------------------------------------\nTraceback (most recent call last):\n  File \"C:\\Users\\every\\Desktop\\Alex Familiar\\src\\test_orchestration_analytics.py\", line 201, in test_recommendation_generation\n    bottleneck = self.analytics._create_test_bottleneck()\n                 ^^^^^^^^^^^^^^^^^^^^^^^^^^^^^^^^^^^^^^\nAttributeError: 'OrchestrationAnalytics' object has no attribute '_create_test_bottleneck'\n\n======================================================================\nERROR: test_visualization_creation (__main__.TestOrchestrationAnalytics.test_visualization_creation)\nTest creation of visualizations.\n----------------------------------------------------------------------\nTraceback (most recent call last):\n  File \"C:\\Users\\every\\Desktop\\Alex Familiar\\src\\test_orchestration_analytics.py\", line 180, in test_visualization_creation\n    visualization = self.analytics.create_visualization(\n                    ^^^^^^^^^^^^^^^^^^^^^^^^^^^^^^^^^^^\nAttributeError: 'OrchestrationAnalytics' object has no attribute 'create_visualization'\n\n----------------------------------------------------------------------\nRan 7 tests in 0.014s\n\nFAILED (errors=3)\n",
      "duration": 0.45334672927856445
    },
    "test_principle_engine.py": {
      "success": false,
      "output": "2025-05-26 12:08:25,023 - PrincipleEngine - INFO - PrincipleEngine initialized with 10 core principles\n2025-05-26 12:08:25,023 - PrincipleEngine - INFO - Updated overall principle consistency score: 97.90\n2025-05-26 12:08:25,023 - PrincipleEngine - INFO - Message test-2 evaluated with overall score: 79.00\n.2025-05-26 12:08:25,023 - PrincipleEngine - INFO - PrincipleEngine initialized with 10 core principles\n2025-05-26 12:08:25,023 - PrincipleEngine - INFO - Updated overall principle consistency score: 99.55\n2025-05-26 12:08:25,023 - PrincipleEngine - INFO - Message test-1 evaluated with overall score: 95.50\n2025-05-26 12:08:25,023 - PrincipleEngine - INFO - Updated overall principle consistency score: 97.50\n2025-05-26 12:08:25,023 - PrincipleEngine - INFO - Message test-2 evaluated with overall score: 79.00\n.2025-05-26 12:08:25,023 - PrincipleEngine - INFO - PrincipleEngine initialized with 10 core principles\n2025-05-26 12:08:25,023 - PrincipleEngine - INFO - Response adjusted to align with principles for message: test-2\n.2025-05-26 12:08:25,023 - PrincipleEngine - INFO - PrincipleEngine initialized with 10 core principles\n.2025-05-26 12:08:25,024 - PrincipleEngine - INFO - PrincipleEngine initialized with 10 core principles\n.2025-05-26 12:08:25,024 - PrincipleEngine - INFO - PrincipleEngine initialized with 10 core principles\n2025-05-26 12:08:25,024 - PrincipleEngine - INFO - Updated overall principle consistency score: 97.90\n2025-05-26 12:08:25,024 - PrincipleEngine - INFO - Message test-2 evaluated with overall score: 79.00\n2025-05-26 12:08:25,024 - PrincipleEngine - INFO - Principle consistency scores have been reset\n.2025-05-26 12:08:25,024 - AdaptiveBridgeBuilder - ERROR - Failed to load agent card from src/agent_card.json: [Errno 2] No such file or directory: 'src/agent_card.json'\nE2025-05-26 12:08:25,025 - AdaptiveBridgeBuilder - ERROR - Failed to load agent card from src/agent_card.json: [Errno 2] No such file or directory: 'src/agent_card.json'\nE2025-05-26 12:08:25,025 - AdaptiveBridgeBuilder - ERROR - Failed to load agent card from src/agent_card.json: [Errno 2] No such file or directory: 'src/agent_card.json'\nE2025-05-26 12:08:25,026 - AdaptiveBridgeBuilder - ERROR - Failed to load agent card from src/agent_card.json: [Errno 2] No such file or directory: 'src/agent_card.json'\nE\n======================================================================\nERROR: test_get_principle_descriptions (__main__.TestPrincipleGuidedBridgeBuilder.test_get_principle_descriptions)\nTest getting principle descriptions from the agent.\n----------------------------------------------------------------------\nTraceback (most recent call last):\n  File \"C:\\Users\\every\\Desktop\\Alex Familiar\\src\\adaptive_bridge_builder.py\", line 46, in __init__\n    with open(agent_card_path, 'r') as f:\n         ^^^^^^^^^^^^^^^^^^^^^^^^^^\nFileNotFoundError: [Errno 2] No such file or directory: 'src/agent_card.json'\n\nDuring handling of the above exception, another exception occurred:\n\nTraceback (most recent call last):\n  File \"C:\\Users\\every\\Desktop\\Alex Familiar\\src\\test_principle_engine.py\", line 135, in setUp\n    self.agent = PrincipleGuidedBridgeBuilder()\n                 ^^^^^^^^^^^^^^^^^^^^^^^^^^^^^^\n  File \"C:\\Users\\every\\Desktop\\Alex Familiar\\src\\principle_engine_example.py\", line 43, in __init__\n    super().__init__(agent_id, agent_card_path)\n  File \"C:\\Users\\every\\Desktop\\Alex Familiar\\src\\adaptive_bridge_builder.py\", line 54, in __init__\n    with open(agent_card_path, 'w') as f:\n         ^^^^^^^^^^^^^^^^^^^^^^^^^^\nFileNotFoundError: [Errno 2] No such file or directory: 'src/agent_card.json'\n\n======================================================================\nERROR: test_initialization (__main__.TestPrincipleGuidedBridgeBuilder.test_initialization)\nTest that the agent initializes correctly.\n----------------------------------------------------------------------\nTraceback (most recent call last):\n  File \"C:\\Users\\every\\Desktop\\Alex Familiar\\src\\adaptive_bridge_builder.py\", line 46, in __init__\n    with open(agent_card_path, 'r') as f:\n         ^^^^^^^^^^^^^^^^^^^^^^^^^^\nFileNotFoundError: [Errno 2] No such file or directory: 'src/agent_card.json'\n\nDuring handling of the above exception, another exception occurred:\n\nTraceback (most recent call last):\n  File \"C:\\Users\\every\\Desktop\\Alex Familiar\\src\\test_principle_engine.py\", line 135, in setUp\n    self.agent = PrincipleGuidedBridgeBuilder()\n                 ^^^^^^^^^^^^^^^^^^^^^^^^^^^^^^\n  File \"C:\\Users\\every\\Desktop\\Alex Familiar\\src\\principle_engine_example.py\", line 43, in __init__\n    super().__init__(agent_id, agent_card_path)\n  File \"C:\\Users\\every\\Desktop\\Alex Familiar\\src\\adaptive_bridge_builder.py\", line 54, in __init__\n    with open(agent_card_path, 'w') as f:\n         ^^^^^^^^^^^^^^^^^^^^^^^^^^\nFileNotFoundError: [Errno 2] No such file or directory: 'src/agent_card.json'\n\n======================================================================\nERROR: test_principle_consistency_report (__main__.TestPrincipleGuidedBridgeBuilder.test_principle_consistency_report)\nTest getting a principle consistency report.\n----------------------------------------------------------------------\nTraceback (most recent call last):\n  File \"C:\\Users\\every\\Desktop\\Alex Familiar\\src\\adaptive_bridge_builder.py\", line 46, in __init__\n    with open(agent_card_path, 'r') as f:\n         ^^^^^^^^^^^^^^^^^^^^^^^^^^\nFileNotFoundError: [Errno 2] No such file or directory: 'src/agent_card.json'\n\nDuring handling of the above exception, another exception occurred:\n\nTraceback (most recent call last):\n  File \"C:\\Users\\every\\Desktop\\Alex Familiar\\src\\test_principle_engine.py\", line 135, in setUp\n    self.agent = PrincipleGuidedBridgeBuilder()\n                 ^^^^^^^^^^^^^^^^^^^^^^^^^^^^^^\n  File \"C:\\Users\\every\\Desktop\\Alex Familiar\\src\\principle_engine_example.py\", line 43, in __init__\n    super().__init__(agent_id, agent_card_path)\n  File \"C:\\Users\\every\\Desktop\\Alex Familiar\\src\\adaptive_bridge_builder.py\", line 54, in __init__\n    with open(agent_card_path, 'w') as f:\n         ^^^^^^^^^^^^^^^^^^^^^^^^^^\nFileNotFoundError: [Errno 2] No such file or directory: 'src/agent_card.json'\n\n======================================================================\nERROR: test_process_message (__main__.TestPrincipleGuidedBridgeBuilder.test_process_message)\nTest that messages are processed with principle evaluation.\n----------------------------------------------------------------------\nTraceback (most recent call last):\n  File \"C:\\Users\\every\\Desktop\\Alex Familiar\\src\\adaptive_bridge_builder.py\", line 46, in __init__\n    with open(agent_card_path, 'r') as f:\n         ^^^^^^^^^^^^^^^^^^^^^^^^^^\nFileNotFoundError: [Errno 2] No such file or directory: 'src/agent_card.json'\n\nDuring handling of the above exception, another exception occurred:\n\nTraceback (most recent call last):\n  File \"C:\\Users\\every\\Desktop\\Alex Familiar\\src\\test_principle_engine.py\", line 135, in setUp\n    self.agent = PrincipleGuidedBridgeBuilder()\n                 ^^^^^^^^^^^^^^^^^^^^^^^^^^^^^^\n  File \"C:\\Users\\every\\Desktop\\Alex Familiar\\src\\principle_engine_example.py\", line 43, in __init__\n    super().__init__(agent_id, agent_card_path)\n  File \"C:\\Users\\every\\Desktop\\Alex Familiar\\src\\adaptive_bridge_builder.py\", line 54, in __init__\n    with open(agent_card_path, 'w') as f:\n         ^^^^^^^^^^^^^^^^^^^^^^^^^^\nFileNotFoundError: [Errno 2] No such file or directory: 'src/agent_card.json'\n\n----------------------------------------------------------------------\nRan 10 tests in 0.003s\n\nFAILED (errors=4)\n",
      "duration": 0.08799338340759277
    },
    "test_principle_engine_positive.py": {
      "success": true,
      "output": "",
      "duration": 0.10611128807067871
    },
    "test_principles_integration.py": {
      "success": false,
      "output": "",
      "duration": 0.06543803215026855
    },
    "test_project_orchestrator.py": {
      "success": false,
      "output": "2025-05-26 12:08:25,572 - CollaborativeTaskHandler - INFO - TaskCoordinator initialized for agent test-orchestrator\n2025-05-26 12:08:25,572 - OrchestratorEngine - INFO - OrchestratorEngine initialized for agent test-orchestrator\n2025-05-26 12:08:25,572 - OrchestratorEngine - INFO - Registered agent test-strategy-agent with 2 capabilities\n2025-05-26 12:08:25,572 - OrchestratorEngine - INFO - Registered agent test-research-agent with 2 capabilities\n2025-05-26 12:08:25,572 - OrchestratorEngine - INFO - Registered agent test-analysis-agent with 2 capabilities\n2025-05-26 12:08:25,572 - ProjectOrchestrator - INFO - ProjectOrchestrator initialized for agent test-orchestrator\n2025-05-26 12:08:25,572 - ProjectOrchestrator - INFO - Created project 'Milestone Test Project' with ID project-c2c8a528-0171-49f7-980e-16d9dae1920a\n2025-05-26 12:08:25,572 - ProjectOrchestrator - INFO - Added milestone 'Test Milestone' to project project-c2c8a528-0171-49f7-980e-16d9dae1920a\n.2025-05-26 12:08:25,573 - CollaborativeTaskHandler - INFO - TaskCoordinator initialized for agent test-orchestrator\n2025-05-26 12:08:25,573 - OrchestratorEngine - INFO - OrchestratorEngine initialized for agent test-orchestrator\n2025-05-26 12:08:25,573 - OrchestratorEngine - INFO - Registered agent test-strategy-agent with 2 capabilities\n2025-05-26 12:08:25,573 - OrchestratorEngine - INFO - Registered agent test-research-agent with 2 capabilities\n2025-05-26 12:08:25,573 - OrchestratorEngine - INFO - Registered agent test-analysis-agent with 2 capabilities\n2025-05-26 12:08:25,573 - ProjectOrchestrator - INFO - ProjectOrchestrator initialized for agent test-orchestrator\n2025-05-26 12:08:25,573 - ProjectOrchestrator - INFO - Created project 'Test Project' with ID project-28418312-2ff9-42f3-a6e4-4711f3afec11\n.2025-05-26 12:08:25,573 - CollaborativeTaskHandler - INFO - TaskCoordinator initialized for agent test-orchestrator\n2025-05-26 12:08:25,573 - OrchestratorEngine - INFO - OrchestratorEngine initialized for agent test-orchestrator\n2025-05-26 12:08:25,573 - OrchestratorEngine - INFO - Registered agent test-strategy-agent with 2 capabilities\n2025-05-26 12:08:25,573 - OrchestratorEngine - INFO - Registered agent test-research-agent with 2 capabilities\n2025-05-26 12:08:25,573 - OrchestratorEngine - INFO - Registered agent test-analysis-agent with 2 capabilities\n2025-05-26 12:08:25,573 - ProjectOrchestrator - INFO - ProjectOrchestrator initialized for agent test-orchestrator\n2025-05-26 12:08:25,573 - ProjectOrchestrator - INFO - Created project 'Task Test Project' with ID project-976c0064-4cbd-46ba-9fdc-36c921d15919\n2025-05-26 12:08:25,573 - ProjectOrchestrator - INFO - Added milestone 'Test Milestone' to project project-976c0064-4cbd-46ba-9fdc-36c921d15919\n2025-05-26 12:08:25,573 - CollaborativeTaskHandler - INFO - Created task task-474c135c5a7b4aa29b1753c8710af994: Test Task\n2025-05-26 12:08:25,573 - ProjectOrchestrator - INFO - Created task 'Test Task' in milestone milestone-4cd89e50-9cce-49f1-ab67-3665ff3ae348 of project project-976c0064-4cbd-46ba-9fdc-36c921d15919\n.2025-05-26 12:08:25,573 - CollaborativeTaskHandler - INFO - TaskCoordinator initialized for agent test-orchestrator\n2025-05-26 12:08:25,573 - OrchestratorEngine - INFO - OrchestratorEngine initialized for agent test-orchestrator\n2025-05-26 12:08:25,573 - OrchestratorEngine - INFO - Registered agent test-strategy-agent with 2 capabilities\n2025-05-26 12:08:25,573 - OrchestratorEngine - INFO - Registered agent test-research-agent with 2 capabilities\n2025-05-26 12:08:25,573 - OrchestratorEngine - INFO - Registered agent test-analysis-agent with 2 capabilities\n2025-05-26 12:08:25,573 - ProjectOrchestrator - INFO - ProjectOrchestrator initialized for agent test-orchestrator\n2025-05-26 12:08:25,573 - ProjectOrchestrator - INFO - Created project 'Resource Test Project' with ID project-0195e2c9-3153-4607-aa29-6bd4d23fa0a2\nE2025-05-26 12:08:25,575 - CollaborativeTaskHandler - INFO - TaskCoordinator initialized for agent test-orchestrator\n2025-05-26 12:08:25,575 - OrchestratorEngine - INFO - OrchestratorEngine initialized for agent test-orchestrator\n2025-05-26 12:08:25,575 - OrchestratorEngine - INFO - Registered agent test-strategy-agent with 2 capabilities\n2025-05-26 12:08:25,575 - OrchestratorEngine - INFO - Registered agent test-research-agent with 2 capabilities\n2025-05-26 12:08:25,575 - OrchestratorEngine - INFO - Registered agent test-analysis-agent with 2 capabilities\n2025-05-26 12:08:25,575 - ProjectOrchestrator - INFO - ProjectOrchestrator initialized for agent test-orchestrator\n2025-05-26 12:08:25,575 - ProjectOrchestrator - INFO - Created project 'Status Update Test Project' with ID project-931040c1-95fc-40b3-bd3a-44c9b749e131\nE2025-05-26 12:08:25,576 - CollaborativeTaskHandler - INFO - TaskCoordinator initialized for agent test-orchestrator\n2025-05-26 12:08:25,576 - OrchestratorEngine - INFO - OrchestratorEngine initialized for agent test-orchestrator\n2025-05-26 12:08:25,576 - OrchestratorEngine - INFO - Registered agent test-strategy-agent with 2 capabilities\n2025-05-26 12:08:25,576 - OrchestratorEngine - INFO - Registered agent test-research-agent with 2 capabilities\n2025-05-26 12:08:25,576 - OrchestratorEngine - INFO - Registered agent test-analysis-agent with 2 capabilities\n2025-05-26 12:08:25,576 - ProjectOrchestrator - INFO - ProjectOrchestrator initialized for agent test-orchestrator\n2025-05-26 12:08:25,576 - ProjectOrchestrator - INFO - Created project 'Progress Test Project' with ID project-3622e5ac-f0d0-4d9c-b82e-0c1e5a2cbc87\n2025-05-26 12:08:25,576 - ProjectOrchestrator - INFO - Added milestone 'Progress Test Milestone' to project project-3622e5ac-f0d0-4d9c-b82e-0c1e5a2cbc87\n2025-05-26 12:08:25,576 - CollaborativeTaskHandler - INFO - Created task task-10f2c98f3db84460884f8797806efed4: Progress Test Task 1\n2025-05-26 12:08:25,576 - ProjectOrchestrator - INFO - Created task 'Progress Test Task 1' in milestone milestone-64e1b404-94ee-444d-bd5b-effcfbe723e9 of project project-3622e5ac-f0d0-4d9c-b82e-0c1e5a2cbc87\n2025-05-26 12:08:25,576 - CollaborativeTaskHandler - INFO - Created task task-1d6e1b2503e149d9a9b3cda17127103d: Progress Test Task 2\n2025-05-26 12:08:25,576 - ProjectOrchestrator - INFO - Created task 'Progress Test Task 2' in milestone milestone-64e1b404-94ee-444d-bd5b-effcfbe723e9 of project project-3622e5ac-f0d0-4d9c-b82e-0c1e5a2cbc87\n2025-05-26 12:08:25,576 - CollaborativeTaskHandler - ERROR - Agent test-research-agent not assigned to task task-10f2c98f3db84460884f8797806efed4\n2025-05-26 12:08:25,576 - CollaborativeTaskHandler - ERROR - Agent test-analysis-agent not assigned to task task-1d6e1b2503e149d9a9b3cda17127103d\n2025-05-26 12:08:25,576 - CollaborativeTaskHandler - ERROR - Agent test-research-agent not assigned to task task-10f2c98f3db84460884f8797806efed4\nE\n======================================================================\nERROR: test_resource_management (__main__.TestProjectOrchestrator.test_resource_management)\nTest resource management functionality.\n----------------------------------------------------------------------\nTraceback (most recent call last):\n  File \"C:\\Users\\every\\Desktop\\Alex Familiar\\src\\test_project_orchestrator.py\", line 198, in test_resource_management\n    resource = self.project_orchestrator.register_resource(\n               ^^^^^^^^^^^^^^^^^^^^^^^^^^^^^^^^^^^^^^^^^^^\nAttributeError: 'ProjectOrchestrator' object has no attribute 'register_resource'\n\n======================================================================\nERROR: test_status_update (__main__.TestProjectOrchestrator.test_status_update)\nTest creating status updates.\n----------------------------------------------------------------------\nTraceback (most recent call last):\n  File \"C:\\Users\\every\\Desktop\\Alex Familiar\\src\\test_project_orchestrator.py\", line 350, in test_status_update\n    status_update = self.project_orchestrator.create_status_update(\n                    ^^^^^^^^^^^^^^^^^^^^^^^^^^^^^^^^^^^^^^^^^^^^^^\nAttributeError: 'ProjectOrchestrator' object has no attribute 'create_status_update'\n\n======================================================================\nERROR: test_track_milestone_progress (__main__.TestProjectOrchestrator.test_track_milestone_progress)\nTest tracking milestone progress.\n----------------------------------------------------------------------\nTraceback (most recent call last):\n  File \"C:\\Users\\every\\Desktop\\Alex Familiar\\src\\test_project_orchestrator.py\", line 318, in test_track_milestone_progress\n    milestone_progress = self.project_orchestrator.track_milestone_progress(\n                         ^^^^^^^^^^^^^^^^^^^^^^^^^^^^^^^^^^^^^^^^^^^^^^^^^^\nAttributeError: 'ProjectOrchestrator' object has no attribute 'track_milestone_progress'\n\n----------------------------------------------------------------------\nRan 6 tests in 0.005s\n\nFAILED (errors=3)\n",
      "duration": 0.3911159038543701
    },
    "test_protocol_adapter.py": {
      "success": true,
      "output": "============================= test session starts =============================\nplatform win32 -- Python 3.12.9, pytest-8.3.5, pluggy-1.5.0 -- C:\\Users\\every\\miniconda3\\python.exe\ncachedir: .pytest_cache\nrootdir: C:\\Users\\every\\Desktop\\Alex Familiar\\src\nplugins: anyio-4.9.0, langsmith-0.3.42\ncollecting ... collected 25 items\n\ntest_protocol_adapter.py::TestProtocolNameAdapter::test_connect_success SKIPPED [  4%]\ntest_protocol_adapter.py::TestProtocolNameAdapter::test_connect_failure SKIPPED [  8%]\ntest_protocol_adapter.py::TestProtocolNameAdapter::test_connect_retry SKIPPED [ 12%]\ntest_protocol_adapter.py::TestProtocolNameAdapter::test_disconnect_success SKIPPED [ 16%]\ntest_protocol_adapter.py::TestProtocolNameAdapter::test_translate_to_internal PASSED [ 20%]\ntest_protocol_adapter.py::TestProtocolNameAdapter::test_translate_from_internal PASSED [ 24%]\ntest_protocol_adapter.py::TestProtocolNameAdapter::test_bidirectional_translation PASSED [ 28%]\ntest_protocol_adapter.py::TestProtocolNameAdapter::test_authenticate_success SKIPPED [ 32%]\ntest_protocol_adapter.py::TestProtocolNameAdapter::test_authenticate_failure SKIPPED [ 36%]\ntest_protocol_adapter.py::TestProtocolNameAdapter::test_no_auth_required SKIPPED [ 40%]\ntest_protocol_adapter.py::TestProtocolNameAdapter::test_send_message_success SKIPPED [ 44%]\ntest_protocol_adapter.py::TestProtocolNameAdapter::test_send_message_not_connected SKIPPED [ 48%]\ntest_protocol_adapter.py::TestProtocolNameAdapter::test_send_message_with_retry SKIPPED [ 52%]\ntest_protocol_adapter.py::TestProtocolNameAdapter::test_receive_message_success SKIPPED [ 56%]\ntest_protocol_adapter.py::TestProtocolNameAdapter::test_receive_message_timeout SKIPPED [ 60%]\ntest_protocol_adapter.py::TestProtocolNameAdapter::test_get_capabilities SKIPPED [ 64%]\ntest_protocol_adapter.py::TestProtocolNameAdapter::test_reconnect_on_connection_error SKIPPED [ 68%]\ntest_protocol_adapter.py::TestProtocolNameAdapter::test_should_reconnect PASSED [ 72%]\ntest_protocol_adapter.py::TestProtocolNameAdapter::test_validate_protocol_message PASSED [ 76%]\ntest_protocol_adapter.py::TestProtocolNameAdapter::test_validate_internal_message PASSED [ 80%]\ntest_protocol_adapter.py::TestProtocolNameAdapter::test_metrics_tracking SKIPPED [ 84%]\ntest_protocol_adapter.py::TestProtocolNameAdapter::test_heartbeat SKIPPED [ 88%]\ntest_protocol_adapter.py::TestProtocolNameAdapter::test_receive_loop_error_handling SKIPPED [ 92%]\ntest_protocol_adapter.py::TestProtocolNameAdapter::test_protocol_specific_fields_preserved PASSED [ 96%]\ntest_protocol_adapter.py::TestProtocolNameAdapter::test_concurrent_operations SKIPPED [100%]\n\n============================== warnings summary ===============================\ntest_protocol_adapter.py:116\n  C:\\Users\\every\\Desktop\\Alex Familiar\\src\\test_protocol_adapter.py:116: PytestUnknownMarkWarning: Unknown pytest.mark.asyncio - is this a typo?  You can register custom marks to avoid this warning - for details, see https://docs.pytest.org/en/stable/how-to/mark.html\n    @pytest.mark.asyncio\n\ntest_protocol_adapter.py:129\n  C:\\Users\\every\\Desktop\\Alex Familiar\\src\\test_protocol_adapter.py:129: PytestUnknownMarkWarning: Unknown pytest.mark.asyncio - is this a typo?  You can register custom marks to avoid this warning - for details, see https://docs.pytest.org/en/stable/how-to/mark.html\n    @pytest.mark.asyncio\n\ntest_protocol_adapter.py:141\n  C:\\Users\\every\\Desktop\\Alex Familiar\\src\\test_protocol_adapter.py:141: PytestUnknownMarkWarning: Unknown pytest.mark.asyncio - is this a typo?  You can register custom marks to avoid this warning - for details, see https://docs.pytest.org/en/stable/how-to/mark.html\n    @pytest.mark.asyncio\n\ntest_protocol_adapter.py:162\n  C:\\Users\\every\\Desktop\\Alex Familiar\\src\\test_protocol_adapter.py:162: PytestUnknownMarkWarning: Unknown pytest.mark.asyncio - is this a typo?  You can register custom marks to avoid this warning - for details, see https://docs.pytest.org/en/stable/how-to/mark.html\n    @pytest.mark.asyncio\n\ntest_protocol_adapter.py:225\n  C:\\Users\\every\\Desktop\\Alex Familiar\\src\\test_protocol_adapter.py:225: PytestUnknownMarkWarning: Unknown pytest.mark.asyncio - is this a typo?  You can register custom marks to avoid this warning - for details, see https://docs.pytest.org/en/stable/how-to/mark.html\n    @pytest.mark.asyncio\n\ntest_protocol_adapter.py:236\n  C:\\Users\\every\\Desktop\\Alex Familiar\\src\\test_protocol_adapter.py:236: PytestUnknownMarkWarning: Unknown pytest.mark.asyncio - is this a typo?  You can register custom marks to avoid this warning - for details, see https://docs.pytest.org/en/stable/how-to/mark.html\n    @pytest.mark.asyncio\n\ntest_protocol_adapter.py:259\n  C:\\Users\\every\\Desktop\\Alex Familiar\\src\\test_protocol_adapter.py:259: PytestUnknownMarkWarning: Unknown pytest.mark.asyncio - is this a typo?  You can register custom marks to avoid this warning - for details, see https://docs.pytest.org/en/stable/how-to/mark.html\n    @pytest.mark.asyncio\n\ntest_protocol_adapter.py:271\n  C:\\Users\\every\\Desktop\\Alex Familiar\\src\\test_protocol_adapter.py:271: PytestUnknownMarkWarning: Unknown pytest.mark.asyncio - is this a typo?  You can register custom marks to avoid this warning - for details, see https://docs.pytest.org/en/stable/how-to/mark.html\n    @pytest.mark.asyncio\n\ntest_protocol_adapter.py:285\n  C:\\Users\\every\\Desktop\\Alex Familiar\\src\\test_protocol_adapter.py:285: PytestUnknownMarkWarning: Unknown pytest.mark.asyncio - is this a typo?  You can register custom marks to avoid this warning - for details, see https://docs.pytest.org/en/stable/how-to/mark.html\n    @pytest.mark.asyncio\n\ntest_protocol_adapter.py:294\n  C:\\Users\\every\\Desktop\\Alex Familiar\\src\\test_protocol_adapter.py:294: PytestUnknownMarkWarning: Unknown pytest.mark.asyncio - is this a typo?  You can register custom marks to avoid this warning - for details, see https://docs.pytest.org/en/stable/how-to/mark.html\n    @pytest.mark.asyncio\n\ntest_protocol_adapter.py:315\n  C:\\Users\\every\\Desktop\\Alex Familiar\\src\\test_protocol_adapter.py:315: PytestUnknownMarkWarning: Unknown pytest.mark.asyncio - is this a typo?  You can register custom marks to avoid this warning - for details, see https://docs.pytest.org/en/stable/how-to/mark.html\n    @pytest.mark.asyncio\n\ntest_protocol_adapter.py:332\n  C:\\Users\\every\\Desktop\\Alex Familiar\\src\\test_protocol_adapter.py:332: PytestUnknownMarkWarning: Unknown pytest.mark.asyncio - is this a typo?  You can register custom marks to avoid this warning - for details, see https://docs.pytest.org/en/stable/how-to/mark.html\n    @pytest.mark.asyncio\n\ntest_protocol_adapter.py:345\n  C:\\Users\\every\\Desktop\\Alex Familiar\\src\\test_protocol_adapter.py:345: PytestUnknownMarkWarning: Unknown pytest.mark.asyncio - is this a typo?  You can register custom marks to avoid this warning - for details, see https://docs.pytest.org/en/stable/how-to/mark.html\n    @pytest.mark.asyncio\n\ntest_protocol_adapter.py:365\n  C:\\Users\\every\\Desktop\\Alex Familiar\\src\\test_protocol_adapter.py:365: PytestUnknownMarkWarning: Unknown pytest.mark.asyncio - is this a typo?  You can register custom marks to avoid this warning - for details, see https://docs.pytest.org/en/stable/how-to/mark.html\n    @pytest.mark.asyncio\n\ntest_protocol_adapter.py:472\n  C:\\Users\\every\\Desktop\\Alex Familiar\\src\\test_protocol_adapter.py:472: PytestUnknownMarkWarning: Unknown pytest.mark.asyncio - is this a typo?  You can register custom marks to avoid this warning - for details, see https://docs.pytest.org/en/stable/how-to/mark.html\n    @pytest.mark.asyncio\n\ntest_protocol_adapter.py:490\n  C:\\Users\\every\\Desktop\\Alex Familiar\\src\\test_protocol_adapter.py:490: PytestUnknownMarkWarning: Unknown pytest.mark.asyncio - is this a typo?  You can register custom marks to avoid this warning - for details, see https://docs.pytest.org/en/stable/how-to/mark.html\n    @pytest.mark.asyncio\n\ntest_protocol_adapter.py:504\n  C:\\Users\\every\\Desktop\\Alex Familiar\\src\\test_protocol_adapter.py:504: PytestUnknownMarkWarning: Unknown pytest.mark.asyncio - is this a typo?  You can register custom marks to avoid this warning - for details, see https://docs.pytest.org/en/stable/how-to/mark.html\n    @pytest.mark.asyncio\n\ntest_protocol_adapter.py:544\n  C:\\Users\\every\\Desktop\\Alex Familiar\\src\\test_protocol_adapter.py:544: PytestUnknownMarkWarning: Unknown pytest.mark.asyncio - is this a typo?  You can register custom marks to avoid this warning - for details, see https://docs.pytest.org/en/stable/how-to/mark.html\n    @pytest.mark.asyncio\n\ntest_protocol_adapter.py: 18 warnings\n  C:\\Users\\every\\miniconda3\\Lib\\site-packages\\_pytest\\python.py:148: PytestUnhandledCoroutineWarning: async def functions are not natively supported and have been skipped.\n  You need to install a suitable plugin for your async framework, for example:\n    - anyio\n    - pytest-asyncio\n    - pytest-tornasync\n    - pytest-trio\n    - pytest-twisted\n    warnings.warn(PytestUnhandledCoroutineWarning(msg.format(nodeid)))\n\n-- Docs: https://docs.pytest.org/en/stable/how-to/capture-warnings.html\n================= 7 passed, 18 skipped, 36 warnings in 0.06s ==================\n",
      "duration": 1.0686538219451904
    },
    "test_runner.py": {
      "success": false,
      "output": "Traceback (most recent call last):\n  File \"C:\\Users\\every\\Desktop\\Alex Familiar\\src\\test_runner.py\", line 784, in <module>\n    sys.exit(main())\n             ^^^^^^\n  File \"C:\\Users\\every\\Desktop\\Alex Familiar\\src\\test_runner.py\", line 759, in main\n    framework.add_suite(create_multi_turn_test_suite())\n                        ^^^^^^^^^^^^^^^^^^^^^^^^^^^^^^\n  File \"C:\\Users\\every\\Desktop\\Alex Familiar\\src\\test_runner.py\", line 193, in create_multi_turn_test_suite\n    test_case = create_multi_turn_test_case(scenario)\n                ^^^^^^^^^^^^^^^^^^^^^^^^^^^^^^^^^^^^^\n  File \"C:\\Users\\every\\Desktop\\Alex Familiar\\src\\test_runner.py\", line 403, in create_multi_turn_test_case\n    TestMetric(\nTypeError: TestMetric.__init__() got an unexpected keyword argument 'evaluator'\n",
      "duration": 0.4130825996398926
    },
    "test_scenarios.py": {
      "success": false,
      "output": "2025-05-26 12:08:27,156 - TestFramework - INFO - Running suite: Adaptive Bridge Builder Core Tests\n2025-05-26 12:08:27,156 - TestFramework - INFO - Running test suite: Adaptive Bridge Builder Core Tests\n2025-05-26 12:08:27,156 - TestFramework - INFO - Running test case: Communication Style Adaptation Test [06e35abd-2459-4041-aeba-4cc7e4ee2eae]\n2025-05-26 12:08:27,156 - CommunicationStyleAnalyzer - INFO - CommunicationStyleAnalyzer initialized\n2025-05-26 12:08:27,162 - TestFramework - ERROR - Error evaluating metric Formal style detection: 'dict' object has no attribute 'formality'\nTraceback (most recent call last):\n  File \"C:\\Users\\every\\Desktop\\Alex Familiar\\src\\test_framework.py\", line 138, in run\n    passed, expected, actual, details = metric.evaluator(test_data)\n                                        ^^^^^^^^^^^^^^^^^^^^^^^^^^^\n  File \"C:\\Users\\every\\Desktop\\Alex Familiar\\src\\test_scenarios.py\", line 108, in <lambda>\n    data[\"formal_detected\"].formality.value >= 3,\n    ^^^^^^^^^^^^^^^^^^^^^^^^^^^^^^^^^\nAttributeError: 'dict' object has no attribute 'formality'\n2025-05-26 12:08:27,164 - TestFramework - ERROR - Error evaluating metric Casual style detection: 'dict' object has no attribute 'formality'\nTraceback (most recent call last):\n  File \"C:\\Users\\every\\Desktop\\Alex Familiar\\src\\test_framework.py\", line 138, in run\n    passed, expected, actual, details = metric.evaluator(test_data)\n                                        ^^^^^^^^^^^^^^^^^^^^^^^^^^^\n  File \"C:\\Users\\every\\Desktop\\Alex Familiar\\src\\test_scenarios.py\", line 118, in <lambda>\n    data[\"casual_detected\"].formality.value <= 2,\n    ^^^^^^^^^^^^^^^^^^^^^^^^^^^^^^^^^\nAttributeError: 'dict' object has no attribute 'formality'\n2025-05-26 12:08:27,165 - TestFramework - ERROR - Error evaluating metric Direct style detection: 'dict' object has no attribute 'directness'\nTraceback (most recent call last):\n  File \"C:\\Users\\every\\Desktop\\Alex Familiar\\src\\test_framework.py\", line 138, in run\n    passed, expected, actual, details = metric.evaluator(test_data)\n                                        ^^^^^^^^^^^^^^^^^^^^^^^^^^^\n  File \"C:\\Users\\every\\Desktop\\Alex Familiar\\src\\test_scenarios.py\", line 128, in <lambda>\n    data[\"direct_detected\"].directness.value >= 3,\n    ^^^^^^^^^^^^^^^^^^^^^^^^^^^^^^^^^^\nAttributeError: 'dict' object has no attribute 'directness'\n2025-05-26 12:08:27,166 - TestFramework - INFO - Test case completed: Communication Style Adaptation Test [06e35abd-2459-4041-aeba-4cc7e4ee2eae] - FAIL in 10.54ms\n2025-05-26 12:08:27,166 - TestFramework - INFO - Running test case: Conflict Resolution Test [3907b557-663a-4c52-a49d-90a6100f5328]\n2025-05-26 12:08:27,166 - TestFramework - ERROR - Error in test case Conflict Resolution Test: PrincipleEngine.__init__() got an unexpected keyword argument 'principles'\nTraceback (most recent call last):\n  File \"C:\\Users\\every\\Desktop\\Alex Familiar\\src\\test_framework.py\", line 124, in run\n    test_data = self.setup()\n                ^^^^^^^^^^^^\n  File \"C:\\Users\\every\\Desktop\\Alex Familiar\\src\\test_scenarios.py\", line 154, in setup\n    principle_engine = PrincipleEngine(\n                       ^^^^^^^^^^^^^^^^\nTypeError: PrincipleEngine.__init__() got an unexpected keyword argument 'principles'\n2025-05-26 12:08:27,166 - TestFramework - INFO - Test case completed: Conflict Resolution Test [3907b557-663a-4c52-a49d-90a6100f5328] - ERROR in 0.00ms\n2025-05-26 12:08:27,167 - TestFramework - INFO - Suite Adaptive Bridge Builder Core Tests completed: 0 passed, 1 failed, 1 errors, 0 skipped\nTraceback (most recent call last):\n  File \"C:\\Users\\every\\Desktop\\Alex Familiar\\src\\test_scenarios.py\", line 277, in <module>\n    main()\n  File \"C:\\Users\\every\\Desktop\\Alex Familiar\\src\\test_scenarios.py\", line 272, in main\n    report_path = framework.generate_report(results)\n                  ^^^^^^^^^^^^^^^^^^^^^^^^^^^^^^^^^^\n  File \"C:\\Users\\every\\Desktop\\Alex Familiar\\src\\test_framework.py\", line 354, in generate_report\n    json.dump(report, f, indent=2)\n  File \"C:\\Users\\every\\miniconda3\\Lib\\json\\__init__.py\", line 179, in dump\n    for chunk in iterable:\n                 ^^^^^^^^\n  File \"C:\\Users\\every\\miniconda3\\Lib\\json\\encoder.py\", line 432, in _iterencode\n    yield from _iterencode_dict(o, _current_indent_level)\n  File \"C:\\Users\\every\\miniconda3\\Lib\\json\\encoder.py\", line 406, in _iterencode_dict\n    yield from chunks\n  File \"C:\\Users\\every\\miniconda3\\Lib\\json\\encoder.py\", line 406, in _iterencode_dict\n    yield from chunks\n  File \"C:\\Users\\every\\miniconda3\\Lib\\json\\encoder.py\", line 406, in _iterencode_dict\n    yield from chunks\n  File \"C:\\Users\\every\\miniconda3\\Lib\\json\\encoder.py\", line 326, in _iterencode_list\n    yield from chunks\n  File \"C:\\Users\\every\\miniconda3\\Lib\\json\\encoder.py\", line 406, in _iterencode_dict\n    yield from chunks\n  File \"C:\\Users\\every\\miniconda3\\Lib\\json\\encoder.py\", line 406, in _iterencode_dict\n    yield from chunks\n  File \"C:\\Users\\every\\miniconda3\\Lib\\json\\encoder.py\", line 439, in _iterencode\n    o = _default(o)\n        ^^^^^^^^^^^\n  File \"C:\\Users\\every\\miniconda3\\Lib\\json\\encoder.py\", line 180, in default\n    raise TypeError(f'Object of type {o.__class__.__name__} '\nTypeError: Object of type CommunicationStyleAnalyzer is not JSON serializable\n",
      "duration": 0.09708571434020996
    },
    "test_universal_agent_connector.py": {
      "success": false,
      "output": "Traceback (most recent call last):\n  File \"C:\\Users\\every\\Desktop\\Alex Familiar\\src\\test_universal_agent_connector.py\", line 18, in <module>\n    from universal_agent_connector import (\nImportError: cannot import name 'A2AProtocolAdapter' from 'universal_agent_connector' (C:\\Users\\every\\Desktop\\Alex Familiar\\src\\universal_agent_connector.py). Did you mean: 'ProtocolAdapter'?\n",
      "duration": 0.4193282127380371
    }
  },
  "summary": {
    "total": 28,
    "passed": 9,
    "failed": 19
  }
}